{
 "cells": [
  {
   "cell_type": "markdown",
   "metadata": {},
   "source": [
    "# 作业4 空间查询处理和优化"
   ]
  },
  {
   "cell_type": "raw",
   "metadata": {},
   "source": [
    "姓名：陈杰伟"
   ]
  },
  {
   "cell_type": "raw",
   "metadata": {},
   "source": [
    "学号：3200101205"
   ]
  },
  {
   "cell_type": "markdown",
   "metadata": {},
   "source": [
    "**作业目的：**理解(空间)查询处理与优化流程，掌握关系代数优化和基于代价的查询规划，掌握空间填充曲线在常用空间查询下的代价估计，掌握PostgreSQL的查询规划和GiST索引创建与使用，理解索引在基于代价的查询规划中的作用。\n",
    "\n",
    "**注意事项：**\n",
    "* SQL语句的错误输出为乱码时，修改SET client_encoding = 'GBK';或SET client_encoding = 'UTF-8';，重新连接数据库\n",
    "* Jupyter Notebook对SQL语句的错误提示较弱，可以先在pgAdmin 4上执行，查看详细的错误信息\n",
    "* 作业4总分55分，作业考察的题目后面标了具体分数，可以相互讨论思路，作业抄袭或雷同都要扣分\n",
    "* **作业4\\_学号\\_姓名.ipynb**替换其中的学号和姓名，包含执行结果，压缩为__作业4\\_学号\\_姓名.rar/zip__，**不要包含数据文件**，提交到学在浙大，作业4截止日期**2022.11.27**"
   ]
  },
  {
   "cell_type": "markdown",
   "metadata": {},
   "source": [
    "### 1. 空间计算（2分）\n",
    "\n",
    "2016年Communications of The ACM上发表了一篇[Spatial Computing](http://www.cad.zju.edu.cn/home/ybtao/sdb/resources/CACM2016.pdf)论文，中文翻译[空间计算](http://www.cad.zju.edu.cn/home/ybtao/sdb/resources/CCCF2016.pdf)，其主要观点如下：\n",
    "* Starting with the public availability of GPS, spatial computing has enriched our lives through location-based services (such as Google Maps, Uber, geotagging, and geotargeted, including Amber, alerts).\n",
    "* It has also advanced computer science through ideas like spatial databases (such as R-tree and OGIS simple features library), spatial statistics (such as point process theory and Kriging), and spatial data mining (such as robust hotspot detection).\n",
    "* Future potentially transformative opportunities include ubiquitous indoor location-based services, the location-aware Internet of Physical Things, continuous global monitoring, visualization, forecast, alerts, and warnings to address societal challenges like climate change and how to provide adequate food, energy, and water.\n",
    "\n",
    "阅读该论文，根据文中内容回答以下问题。"
   ]
  },
  {
   "cell_type": "markdown",
   "metadata": {},
   "source": [
    "1.1 空间数据库的哪些方面在已有的空间计算中发挥了重要作用？（1分）"
   ]
  },
  {
   "cell_type": "raw",
   "metadata": {},
   "source": [
    "空间数据库所使用的空间数据类型，空间查询操作，空间要素索引及其数据结构，还有用于执行多级并发操作的算法在空间计算中发挥了重要作用"
   ]
  },
  {
   "cell_type": "markdown",
   "metadata": {},
   "source": [
    "1.2 从近期和长远来看，空间计算将如何促进空间数据库和空间统计的发展？（1分）"
   ]
  },
  {
   "cell_type": "raw",
   "metadata": {},
   "source": [
    "近期来看机器学习等一系列新方法在时空预测等方面有着重要的发展前景，同时空间计算将计算机内虚拟的位置感知和计算应用到物联网上，从虚拟到现实，使得空间数据库和空间统计拥有更加广大的舞台，扩展到室内，水下和地下等空间。\n",
    "\n",
    "长远来看，用户提供的地理信息将会越来越多地成为地理数据的来源。地理信息来源的多元化，多样化更加促进了空间数据库和空间统计的发展；同时随着智能手机和基于 Web 的虚拟地球的普及，我们需要新的基础设施来支持空间计算，这也促进了空间数据库的发展。\n"
   ]
  },
  {
   "cell_type": "markdown",
   "metadata": {},
   "source": [
    "### 2. 代价估计与数值索引（16分）\n",
    "\n",
    "健身俱乐部设计了如下数据库，用来记录俱乐部会员：<br/>\n",
    "&ensp;&ensp;&ensp; Gym (<u>gid</u>, name, city)<br/>\n",
    "&ensp;&ensp;&ensp; Member (<u>mid</u>, name, is_student, birthdate, city)<br/>\n",
    "&ensp;&ensp;&ensp; Visits (<u>timestamp</u>, <u>mid</u> References Member, gid References Gym)<br/>\n",
    "\n",
    "Member和Visits在数据库中的统计信息如下：<br/>\n",
    "T(Member) = 500, B(Member) = 100, V(Member, city) = 10, V(Member, is_student) = 2<br/>\n",
    "T(Visits) = 5000, B(Visits) = 400, V(Visits, mid) = 500<br/>\n",
    "其中T表示关系的记录数目，B表示关系的磁盘页或data block数目，V表示属性不同取值的个数。"
   ]
  },
  {
   "cell_type": "markdown",
   "metadata": {},
   "source": [
    "2.1 对于查询<br/>\n",
    "&ensp;&ensp;&ensp; Select name <br/>\n",
    "&ensp;&ensp;&ensp; From Member <br/>\n",
    "&ensp;&ensp;&ensp; Where city = '杭州' and is_student = True;<br/>\n",
    "基于下列条件估计磁盘I/O cost，即data block的读取数量。对于$\\sigma_{a=?}(R)$查询，返回的记录数目为T(R) * 1 / V(R,a) (5分)"
   ]
  },
  {
   "cell_type": "markdown",
   "metadata": {},
   "source": [
    "2.1.1 没有索引"
   ]
  },
  {
   "cell_type": "raw",
   "metadata": {},
   "source": [
    "Cost = 100"
   ]
  },
  {
   "cell_type": "markdown",
   "metadata": {},
   "source": [
    "2.1.2 Member的city属性上有非聚集索引"
   ]
  },
  {
   "cell_type": "raw",
   "metadata": {},
   "source": [
    "Cost = min(500 / 10, 100) = 50"
   ]
  },
  {
   "cell_type": "markdown",
   "metadata": {},
   "source": [
    "2.1.3 Member的city属性上有聚集索引"
   ]
  },
  {
   "cell_type": "raw",
   "metadata": {},
   "source": [
    "Cost = min((500 / 10) / (500 / 100), 100) = 10"
   ]
  },
  {
   "cell_type": "markdown",
   "metadata": {},
   "source": [
    "2.1.4 Member的is_student属性上有非聚集索引"
   ]
  },
  {
   "cell_type": "raw",
   "metadata": {},
   "source": [
    "Cost = 500 / 2 = 250"
   ]
  },
  {
   "cell_type": "markdown",
   "metadata": {},
   "source": [
    "2.1.5 Member的(city, is_student)属性上有非聚集索引"
   ]
  },
  {
   "cell_type": "raw",
   "metadata": {},
   "source": [
    "Cost = min(500 / (10 * 2), 100) = 25"
   ]
  },
  {
   "cell_type": "markdown",
   "metadata": {},
   "source": [
    "2.2 对于查询<br/>\n",
    "&ensp;&ensp;&ensp; Select name, count(\\*) <br/>\n",
    "&ensp;&ensp;&ensp; From Member M, Visits V <br/>\n",
    "&ensp;&ensp;&ensp; Where M.mid = V.mid and city = '杭州' and is_student = True <br/>\n",
    "&ensp;&ensp;&ensp; Group By name;<br/>\n",
    "关系的Join可以使用nested loop, merge join, hash join等算法。对于$R\\Join S$查询，一般假设内存只能存储3个数据块，一个关系R的数据块，一个关系S的数据块，一个结果数据块，nested loop的I/O cost为B(R) + B(R) \\* B(S)或B(S) + B(S) \\* B(R)。中间结果不会存储到磁盘，即假设Join的结果在内存中，之后分组和选择的I/O cost为0，基于以下等价的关系代数查询树，估计I/O cost。(5分)\n",
    "<img src = \"querytree.png\"/>"
   ]
  },
  {
   "cell_type": "markdown",
   "metadata": {},
   "source": [
    "2.2.1 基于左边查询树(先Join后Select)，没有索引，使用nested loop的最小I/O cost"
   ]
  },
  {
   "cell_type": "raw",
   "metadata": {},
   "source": [
    "Cost = 100 + 400 * 100 = 40100"
   ]
  },
  {
   "cell_type": "markdown",
   "metadata": {},
   "source": [
    "2.2.2 基于左边查询树(先Join后Select)，Visits的mid属性上有非聚集索引，使用nested loop with index的最小I/O cost"
   ]
  },
  {
   "cell_type": "raw",
   "metadata": {},
   "source": [
    "Cost = 100 + (5000 / 500) * 500 = 5100"
   ]
  },
  {
   "cell_type": "markdown",
   "metadata": {},
   "source": [
    "2.2.3 基于左边查询树(先Join后Select)，Visits的mid属性上有聚集索引，使用nested loop with index的最小I/O cost"
   ]
  },
  {
   "cell_type": "raw",
   "metadata": {},
   "source": [
    "Cost = 500"
   ]
  },
  {
   "cell_type": "markdown",
   "metadata": {},
   "source": [
    "2.2.4 基于右边查询树(先Select后Join)，Member的(city,is_student)属性上有非聚集索引，使用nested loop的的I/O cost"
   ]
  },
  {
   "cell_type": "raw",
   "metadata": {},
   "source": [
    "Cost = (500 / 10 * 2) + 400 * (500 / 10 * 2) = 10025"
   ]
  },
  {
   "cell_type": "markdown",
   "metadata": {},
   "source": [
    "2.2.5 基于右边查询树(先Select后Join)，Member的(city,is_student)属性上有非聚集索引，Visits的mid属性上有非聚集索引，使用nested loop的的I/O cost"
   ]
  },
  {
   "cell_type": "raw",
   "metadata": {},
   "source": [
    "Cost = (500 / 10 * 2) + (5000 / 500) * (500 / 10 * 2) = 275"
   ]
  },
  {
   "cell_type": "markdown",
   "metadata": {},
   "source": [
    "2.3 你构建了索引选择工具来度量某个索引对常用查询的性能提升(越高越好)。索引1(city, is_student)带来的性能提升是10，索引2(city, is_student, birthday)带来的性能提升是12，索引3(city, birthday)带来的性能提升是7。假设只能保留2个索引，你会选择哪两个索引，理由是什么？(2分)"
   ]
  },
  {
   "cell_type": "raw",
   "metadata": {
    "collapsed": true
   },
   "source": [
    "选择索引1和索引3\n",
    "使用索引2的查询可以使用索引1和索引3进行加速，同时保留索引1和索引3可以提升插入新数据的性能"
   ]
  },
  {
   "cell_type": "markdown",
   "metadata": {
    "collapsed": true
   },
   "source": [
    "2.4 健身俱乐部发现会员签到非常慢，邀请你来优化他们的数据库。在分析数据库后，你发现属性上创建了很多索引，包括Visits上的mid聚集索引。为什么mid聚集索引会使用户签到变慢，即插入一个新的Visit变慢？你需要什么信息来决定保留哪些索引和删除哪些索引？(2分)"
   ]
  },
  {
   "cell_type": "raw",
   "metadata": {},
   "source": [
    "聚集索引是指数据库表行中数据的物理顺序与键值的逻辑（索引）顺序相同，为了保证表中记录的物理和索引顺序一致，在记录插入的时候，会对数据页重新排序（因为在真实物理存储器的存储顺序只能有一种，而插入新数据必然会导致主键索引树的变化，主键索引树的顺序发生了改变，叶子节点中存储的行数据也要随之进行改变，就会发生大量的数据移动操作，所以效率会慢），这种现象导致聚集索引使得用户插入数据（签到）变慢。\n",
    "\n",
    "1. 需要客户经常进行join操作和条件查询的属性的数据，经常进行join操作和where条件查询的表可以建立索引来提升查询速度，对于经常整表查询的表不需要建立索引\n",
    "2. 需要各个表的数据量及其数据重复度，对于数据量大且重复值较少的表建立索引可以极大提升查询性能，对于重复较多的表索引对查询性能的提升不高可以不建立索引\n",
    "3. 需要各个表进行数据修改的频率的数据，对于不经常删改的表可以建立索引提升查询效率，对于经常插入删除数据的表不建立索引提升增删速度更好\n"
   ]
  },
  {
   "cell_type": "markdown",
   "metadata": {},
   "source": [
    "2.5 你和你的朋友同时到达杭州紫金港健身俱乐部，一起签到时，发生了如下错误：\n",
    "\n",
    "    Error: Duplicate entry '1667880000' for key 'pk_visits'\n",
    "    \n",
    "你觉得DBA在创建关系时做错了什么，导致了这个错误？如何进行修正这个错误？(2分)"
   ]
  },
  {
   "cell_type": "raw",
   "metadata": {},
   "source": [
    "注意到是同时签到，pk_visits应该存储的是签到的北京时间的timestamp，其北京时间是2022-11-08 12:00:00，DBA可能对签到时间设置了Unique或者将其设为了唯一主键导致不能插入相同的值\n",
    "\n",
    "1. 取消pk_visits的唯一约束\n",
    "2. 将visits主键设为(pk_visits, mid references Member mid)的混合主键"
   ]
  },
  {
   "cell_type": "markdown",
   "metadata": {},
   "source": [
    "### 3. 空间填充曲线 (10分)\n",
    "\n",
    "15个点存储在空间数据库中，如下图标识的A-O点，假设每个数据块最多存储两个数据点，Point Query和Nearest Neighbor Query为红色查询点，Range Query为黑色查询框。\n",
    "<img src = \"curve.png\"/>"
   ]
  },
  {
   "cell_type": "markdown",
   "metadata": {},
   "source": [
    "3.1 假设这些点使用heap file存储，即乱序存储，以下查询需要访问多少数据块？(3分)"
   ]
  },
  {
   "cell_type": "raw",
   "metadata": {},
   "source": [
    "Point Query: 8\n",
    "Range Query: 8\n",
    "Nearest Neighbor Query: 8"
   ]
  },
  {
   "cell_type": "markdown",
   "metadata": {},
   "source": [
    "3.2 构建4x4的Hilbert Curve，数据点按照Hilbert value的顺序存储，使用()表示一个数据块，给出数据点在数据库中的存储顺序。(2分)"
   ]
  },
  {
   "cell_type": "markdown",
   "metadata": {},
   "source": [
    "(A, B)(E, D)(I, L)(M, J)(N, O)(K, H)(G, F)(C)"
   ]
  },
  {
   "cell_type": "markdown",
   "metadata": {},
   "source": [
    "3.3 数据点按照Hilbert value存储，并基于Hilbert value构建B+Tree，以下查询最少需要访问多少数据块？假设B+Tree足够小，保留在内存中，不缓存之前查询所访问的数据块。(5分)"
   ]
  },
  {
   "cell_type": "raw",
   "metadata": {},
   "source": [
    "Point Query: 3块\n",
    "基于二分查找的具体步骤(不使用B+Tree，使用ceil函数取整)：\n",
    "1. 下界为0，上界为7\n",
    "ceil((0+7)/2) = 4， 查找(N, O)页, N, O的Hilbert value值比查询值大，上界重设为3；\n",
    "2. 下界为0，上界为3\n",
    "ceil((0+3)/2) = 2， 查找(I, L)页, I, L的Hilbert value值比查询值小，下界重设为3；\n",
    "3. 下界为3，上界为3\n",
    "ceil((3+3)/2) = 3， 查找(M, J)页, M的Hilbert value值比查询值小，J的Hilbert value值比查询值大，没有查询到查找点，返回空表；\n",
    "\n",
    "Range Query: 4块\n",
    "基于B+Tree的具体步骤(给出查询区域的Hilbert值)：\n",
    "1. 得到该矩形所覆盖的Hilbert值为2、7、8、11、12、13\n",
    "2. 使用B+树索引查询得到2对应页(E, D)，对该页所有点进行空间查询没有查询到点\n",
    "3. 使用B+树索引查询得到7对应页(M, J)，对该页所有点进行空间查询，命中J\n",
    "4. 使用B+树索引查询得到8对应页(M, J)，该页已经load进内存查询，pass\n",
    "5. 使用B+树索引查询得到11对应页(K, H)，对该页所有点进行空间查询没有查询到点\n",
    "6. 使用B+树索引查询得到12对应页(K, H)，该页已经load进内存查询，pass\n",
    "7. 使用B+树索引查询得到13对应页(G, F)，对该页所有点进行空间查询，命中G，F\n",
    "8. 返回结果表{J,G,F}\n",
    "\n",
    "Nearest Neighbor Query: 6块\n",
    "基于B+Tree的具体步骤(给出查询点的Hilbert值，与哪些数据点计算距离，查询区域的Hilbert值)：\n",
    "1. 查询点的Hilbert值为7\n",
    "2. 所需查询的Hilbert值为2，3，4，5，6，7，8，9，13\n",
    "3. 使用B+树索引查询得到2对应页(E, D)，对该页所有点进行空间距离查询，当前最近点为E\n",
    "4. 使用B+树索引查询得到3对应页(E, D)，该页已经load进内存查询，pass\n",
    "5. 使用B+树索引查询得到4对应页(I, L)，该页所有点进行空间距离查询，当前最近点为I\n",
    "6. 使用B+树索引查询得到5对应页(I, L)，该页已经load进内存查询，pass\n",
    "7. 使用B+树索引查询得到6对应页(M, J)，该页所有点进行空间距离查询，当前最近点为I\n",
    "8. 使用B+树索引查询得到7对应页(M, J)，该页已经load进内存查询，pass\n",
    "9. 使用B+树索引查询得到8对应页(M, J)，该页已经load进内存查询，pass\n",
    "10. 使用B+树索引查询得到9对应页(N, O)，该页所有点进行空间距离查询，当前最近点为I\n",
    "11. 使用B+树索引查询得到13对应页(G, F)，该页所有点进行空间距离查询，当前最近点为I\n",
    "12. 返回结果表{I}\n"
   ]
  },
  {
   "cell_type": "markdown",
   "metadata": {},
   "source": [
    "### 4. 关系代数表达式优化（8分）"
   ]
  },
  {
   "cell_type": "markdown",
   "metadata": {},
   "source": [
    "通过pgAdmin 4在PostgreSQL数据库中创建hw4数据库，增加postgis扩展，并连接该数据库"
   ]
  },
  {
   "cell_type": "code",
   "execution_count": 1,
   "metadata": {
    "collapsed": true
   },
   "outputs": [
    {
     "name": "stderr",
     "output_type": "stream",
     "text": [
      "/tmp/ipykernel_19023/2055631745.py:6: DeprecationWarning: Importing display from IPython.core.display is deprecated since IPython 7.14, please import from IPython display\n",
      "  from IPython.core.display import display, HTML\n"
     ]
    }
   ],
   "source": [
    "%load_ext sql\n",
    "import time\n",
    "import random\n",
    "\n",
    "# To help render markdown\n",
    "from IPython.core.display import display, HTML\n",
    "from markdown import markdown\n",
    "def render_markdown_raw(m): return display(HTML(markdown(m))) # must be last element of cell.\n",
    "def render_markdown(m): return render_markdown_raw(m.toMD())\n",
    "def cost_markdown(q): \n",
    "    q.reset_count()\n",
    "    get_result(q) # run the counters\n",
    "    return display(HTML(markdown(\"Total Reads: {0}\\n\\n\".format(q.total_count()) + q.toCount(0))))\n",
    "\n",
    "# import the relational algbera operators\n",
    "from relation_algebra import Select, Project, Union, NJoin, CrossProduct, BaseRelation\n",
    "from relation_algebra import get_result, compare_results"
   ]
  },
  {
   "cell_type": "code",
   "execution_count": 2,
   "metadata": {
    "collapsed": true
   },
   "outputs": [
    {
     "name": "stdout",
     "output_type": "stream",
     "text": [
      "Done.\n",
      "Done.\n",
      "Done.\n",
      "Done.\n",
      "Done.\n"
     ]
    },
    {
     "data": {
      "text/plain": [
       "[]"
      ]
     },
     "execution_count": 2,
     "metadata": {},
     "output_type": "execute_result"
    }
   ],
   "source": [
    "%%sql postgresql://postgres:329905023@localhost:5432/hw4\n",
    "\n",
    "SET statement_timeout = 0;\n",
    "SET lock_timeout = 0;\n",
    "SET client_encoding = 'utf-8';\n",
    "SET standard_conforming_strings = on;\n",
    "SET check_function_bodies = false;"
   ]
  },
  {
   "cell_type": "markdown",
   "metadata": {},
   "source": [
    "关系代数表达式优化参考练习7。创建表R, S, T，并插入数据"
   ]
  },
  {
   "cell_type": "code",
   "execution_count": 3,
   "metadata": {
    "collapsed": true
   },
   "outputs": [
    {
     "name": "stdout",
     "output_type": "stream",
     "text": [
      " * postgresql://postgres:***@localhost:5432/hw4\n",
      "Done.\n",
      "Done.\n",
      "Done.\n",
      "Done.\n",
      "Done.\n",
      "Done.\n"
     ]
    },
    {
     "data": {
      "text/plain": [
       "[]"
      ]
     },
     "execution_count": 3,
     "metadata": {},
     "output_type": "execute_result"
    }
   ],
   "source": [
    "%%sql\n",
    "drop table if exists R; create table R(a int, b int);\n",
    "drop table if exists S; create table S(b int, c int);\n",
    "drop table if exists T; create table T(c int, d int);"
   ]
  },
  {
   "cell_type": "code",
   "execution_count": 4,
   "metadata": {
    "collapsed": true
   },
   "outputs": [
    {
     "name": "stdout",
     "output_type": "stream",
     "text": [
      " * postgresql://postgres:***@localhost:5432/hw4\n",
      "0 rows affected.\n",
      "100 rows affected.\n",
      " * postgresql://postgres:***@localhost:5432/hw4\n",
      "0 rows affected.\n",
      "100 rows affected.\n",
      " * postgresql://postgres:***@localhost:5432/hw4\n",
      "0 rows affected.\n",
      "100 rows affected.\n"
     ]
    },
    {
     "data": {
      "text/plain": [
       "[]"
      ]
     },
     "execution_count": 4,
     "metadata": {},
     "output_type": "execute_result"
    }
   ],
   "source": [
    "v1 = \"\";\n",
    "v2 = \"\";\n",
    "for b in range(0,10,1):\n",
    "    for a in range(0,20,2):\n",
    "        t1 = \" (%d, %d),\" % (a, b)\n",
    "        t2 = \" (%d, %d),\" % (b, a)\n",
    "        v1 = v1 + t1\n",
    "        v2 = v2 + t2\n",
    "r = \"insert into R values\" + v1[:-1] + \";\"\n",
    "s = \"insert into S values\" + v2[:-1] + \";\"\n",
    "t = \"insert into T values\" + v2[:-1] + \";\"\n",
    "%sql delete from R; $r\n",
    "%sql delete from S; $s\n",
    "%sql delete from T; $t"
   ]
  },
  {
   "cell_type": "markdown",
   "metadata": {},
   "source": [
    "回顾关系代数表达式基本形式"
   ]
  },
  {
   "cell_type": "code",
   "execution_count": 5,
   "metadata": {
    "collapsed": true
   },
   "outputs": [
    {
     "name": "stdout",
     "output_type": "stream",
     "text": [
      " * postgresql://postgres:***@localhost:5432/hw4\n",
      "100 rows affected.\n",
      " * postgresql://postgres:***@localhost:5432/hw4\n",
      "100 rows affected.\n",
      " * postgresql://postgres:***@localhost:5432/hw4\n",
      "100 rows affected.\n"
     ]
    },
    {
     "data": {
      "text/html": [
       "<p>$\\Pi_{b}$(( R(a,b) ) $\\Join_{b}$ ( S(b,c) ))</p>"
      ],
      "text/plain": [
       "<IPython.core.display.HTML object>"
      ]
     },
     "metadata": {},
     "output_type": "display_data"
    },
    {
     "name": "stdout",
     "output_type": "stream",
     "text": [
      "[(6,), (2,), (5,), (8,), (4,), (1,), (7,), (0,), (3,), (9,)]\n"
     ]
    }
   ],
   "source": [
    "r = %sql SELECT * FROM R;\n",
    "R = BaseRelation(r, name=\"R\")\n",
    "s = %sql SELECT * FROM S;\n",
    "S = BaseRelation(s, name=\"S\")\n",
    "t = %sql SELECT * FROM T;\n",
    "T = BaseRelation(t, name=\"T\")\n",
    "\n",
    "x = Project([\"b\"], NJoin(R, S))\n",
    "render_markdown(x)\n",
    "print(get_result(x))"
   ]
  },
  {
   "cell_type": "markdown",
   "metadata": {},
   "source": [
    "熟悉cost_markdown函数"
   ]
  },
  {
   "cell_type": "code",
   "execution_count": 6,
   "metadata": {
    "collapsed": true
   },
   "outputs": [
    {
     "data": {
      "text/html": [
       "<p>Total Reads: 11100</p>\n",
       "<ul>\n",
       "<li>$\\Pi_{['b']}$ [tuples read in: 1000 out: 10]<ul>\n",
       "<li>$\\Join_{b}$ [tuples read in: 10100 out: 1000]<ul>\n",
       "<li>R(a,b) has 100 tuples </li>\n",
       "<li>S(b,c) has 100 tuples </li>\n",
       "</ul>\n",
       "</li>\n",
       "</ul>\n",
       "</li>\n",
       "</ul>"
      ],
      "text/plain": [
       "<IPython.core.display.HTML object>"
      ]
     },
     "metadata": {},
     "output_type": "display_data"
    }
   ],
   "source": [
    "cost_markdown(x)"
   ]
  },
  {
   "cell_type": "markdown",
   "metadata": {},
   "source": [
    "在关系数据库系统中，cost主要是I/O cost，即数据块读取次数(**注意和空间数据库的差异**)。代价计算基于以下假设：1. 存储系统没有cache，无论是buffer management还是磁盘上的cache；2. 自然连接实现方式，是基于什么算法？通过构造等价的关系代数表达式，优化以下查询。\n",
    "#### 4.1"
   ]
  },
  {
   "cell_type": "code",
   "execution_count": 7,
   "metadata": {
    "collapsed": true
   },
   "outputs": [
    {
     "data": {
      "text/html": [
       "<p>$\\sigma_{a=2}$($\\Pi_{a,c}$(( R(a,b) ) $\\Join_{b}$ ( S(b,c) )))</p>"
      ],
      "text/plain": [
       "<IPython.core.display.HTML object>"
      ]
     },
     "metadata": {},
     "output_type": "display_data"
    },
    {
     "name": "stdout",
     "output_type": "stream",
     "text": [
      "[(2, 2), (2, 4), (2, 6), (2, 8), (2, 10), (2, 12), (2, 14), (2, 16), (2, 0), (2, 18)]\n"
     ]
    },
    {
     "data": {
      "text/html": [
       "<p>Total Reads: 11200</p>\n",
       "<ul>\n",
       "<li>$\\sigma_{a=2}$ [tuples read in: 100 out: 10]<ul>\n",
       "<li>$\\Pi_{['a', 'c']}$ [tuples read in: 1000 out: 100]<ul>\n",
       "<li>$\\Join_{b}$ [tuples read in: 10100 out: 1000]<ul>\n",
       "<li>R(a,b) has 100 tuples </li>\n",
       "<li>S(b,c) has 100 tuples </li>\n",
       "</ul>\n",
       "</li>\n",
       "</ul>\n",
       "</li>\n",
       "</ul>\n",
       "</li>\n",
       "</ul>"
      ],
      "text/plain": [
       "<IPython.core.display.HTML object>"
      ]
     },
     "metadata": {},
     "output_type": "display_data"
    }
   ],
   "source": [
    "x = Select(\"a\", 2, Project([\"a\",\"c\"], NJoin(R, S)))\n",
    "render_markdown(x)\n",
    "print(get_result(x))\n",
    "cost_markdown(x)"
   ]
  },
  {
   "cell_type": "code",
   "execution_count": 8,
   "metadata": {
    "collapsed": true
   },
   "outputs": [
    {
     "data": {
      "text/html": [
       "<p>$\\Pi_{a,c}$(( $\\sigma_{a=2}$(R(a,b)) ) $\\Join_{b}$ ( S(b,c) ))</p>"
      ],
      "text/plain": [
       "<IPython.core.display.HTML object>"
      ]
     },
     "metadata": {},
     "output_type": "display_data"
    },
    {
     "name": "stdout",
     "output_type": "stream",
     "text": [
      "[(2, 14), (2, 4), (2, 10), (2, 16), (2, 0), (2, 6), (2, 12), (2, 18), (2, 2), (2, 8)]\n",
      "True\n"
     ]
    },
    {
     "data": {
      "text/html": [
       "<p>Total Reads: 1210</p>\n",
       "<ul>\n",
       "<li>$\\Pi_{['a', 'c']}$ [tuples read in: 100 out: 10]<ul>\n",
       "<li>$\\Join_{b}$ [tuples read in: 1010 out: 100]<ul>\n",
       "<li>$\\sigma_{a=2}$ [tuples read in: 100 out: 10]<ul>\n",
       "<li>R(a,b) has 100 tuples </li>\n",
       "</ul>\n",
       "</li>\n",
       "<li>S(b,c) has 100 tuples </li>\n",
       "</ul>\n",
       "</li>\n",
       "</ul>\n",
       "</li>\n",
       "</ul>"
      ],
      "text/plain": [
       "<IPython.core.display.HTML object>"
      ]
     },
     "metadata": {},
     "output_type": "display_data"
    }
   ],
   "source": [
    "y = Project([\"a\",\"c\"], NJoin(Select(\"a\", 2, R), S))\n",
    "render_markdown(y)\n",
    "print(get_result(y))\n",
    "print(compare_results(x, y))\n",
    "cost_markdown(y)"
   ]
  },
  {
   "cell_type": "markdown",
   "metadata": {},
   "source": [
    "#### 4.2（2分）"
   ]
  },
  {
   "cell_type": "code",
   "execution_count": 9,
   "metadata": {
    "collapsed": true
   },
   "outputs": [
    {
     "data": {
      "text/html": [
       "<p>$\\sigma_{c=0}$($\\Pi_{a,c}$($\\sigma_{b=0}$(( ( R(a,b) ) $\\Join_{b}$ ( S(b,c) ) ) $\\Join_{c}$ ( T(c,d) ))))</p>"
      ],
      "text/plain": [
       "<IPython.core.display.HTML object>"
      ]
     },
     "metadata": {},
     "output_type": "display_data"
    },
    {
     "name": "stdout",
     "output_type": "stream",
     "text": [
      "[(4, 0), (8, 0), (10, 0), (12, 0), (14, 0), (16, 0), (18, 0), (0, 0), (2, 0), (6, 0)]\n"
     ]
    },
    {
     "data": {
      "text/html": [
       "<p>Total Reads: 116650</p>\n",
       "<ul>\n",
       "<li>$\\sigma_{c=0}$ [tuples read in: 50 out: 10]<ul>\n",
       "<li>$\\Pi_{['a', 'c']}$ [tuples read in: 500 out: 50]<ul>\n",
       "<li>$\\sigma_{b=0}$ [tuples read in: 5000 out: 500]<ul>\n",
       "<li>$\\Join_{c}$ [tuples read in: 101000 out: 5000]<ul>\n",
       "<li>$\\Join_{b}$ [tuples read in: 10100 out: 1000]<ul>\n",
       "<li>R(a,b) has 100 tuples </li>\n",
       "<li>S(b,c) has 100 tuples </li>\n",
       "</ul>\n",
       "</li>\n",
       "<li>T(c,d) has 100 tuples </li>\n",
       "</ul>\n",
       "</li>\n",
       "</ul>\n",
       "</li>\n",
       "</ul>\n",
       "</li>\n",
       "</ul>\n",
       "</li>\n",
       "</ul>"
      ],
      "text/plain": [
       "<IPython.core.display.HTML object>"
      ]
     },
     "metadata": {},
     "output_type": "display_data"
    }
   ],
   "source": [
    "x = Select(\"c\", 0, Project([\"a\",\"c\"], Select(\"b\", 0, NJoin(NJoin(R, S), T))))\n",
    "render_markdown(x)\n",
    "print(get_result(x))\n",
    "cost_markdown(x)"
   ]
  },
  {
   "cell_type": "code",
   "execution_count": 12,
   "metadata": {
    "collapsed": true
   },
   "outputs": [
    {
     "data": {
      "text/html": [
       "<p>$\\Pi_{a,c}$(( $\\sigma_{c=0}$($\\Pi_{a,c}$(( $\\sigma_{b=0}$(R(a,b)) ) $\\Join_{b}$ ( S(b,c) ))) ) $\\Join_{c}$ ( T(c,d) ))</p>"
      ],
      "text/plain": [
       "<IPython.core.display.HTML object>"
      ]
     },
     "metadata": {},
     "output_type": "display_data"
    },
    {
     "name": "stdout",
     "output_type": "stream",
     "text": [
      "[(4, 0), (16, 0), (0, 0), (12, 0), (18, 0), (2, 0), (8, 0), (14, 0), (10, 0), (6, 0)]\n",
      "True\n"
     ]
    },
    {
     "data": {
      "text/html": [
       "<p>Total Reads: 2420</p>\n",
       "<ul>\n",
       "<li>$\\Pi_{['a', 'c']}$ [tuples read in: 100 out: 10]<ul>\n",
       "<li>$\\Join_{c}$ [tuples read in: 1010 out: 100]<ul>\n",
       "<li>$\\sigma_{c=0}$ [tuples read in: 100 out: 10]<ul>\n",
       "<li>$\\Pi_{['a', 'c']}$ [tuples read in: 100 out: 100]<ul>\n",
       "<li>$\\Join_{b}$ [tuples read in: 1010 out: 100]<ul>\n",
       "<li>$\\sigma_{b=0}$ [tuples read in: 100 out: 10]<ul>\n",
       "<li>R(a,b) has 100 tuples </li>\n",
       "</ul>\n",
       "</li>\n",
       "<li>S(b,c) has 100 tuples </li>\n",
       "</ul>\n",
       "</li>\n",
       "</ul>\n",
       "</li>\n",
       "</ul>\n",
       "</li>\n",
       "<li>T(c,d) has 100 tuples </li>\n",
       "</ul>\n",
       "</li>\n",
       "</ul>\n",
       "</li>\n",
       "</ul>"
      ],
      "text/plain": [
       "<IPython.core.display.HTML object>"
      ]
     },
     "metadata": {},
     "output_type": "display_data"
    }
   ],
   "source": [
    "y = Project([\"a\",\"c\"],NJoin(Select(\"c\",0,Project([\"a\",\"c\"], NJoin(Select(\"b\", 0, R), S))), T))\n",
    "\n",
    "render_markdown(y)\n",
    "print(get_result(y))\n",
    "print(compare_results(x,y))\n",
    "cost_markdown(y)"
   ]
  },
  {
   "cell_type": "markdown",
   "metadata": {},
   "source": [
    "#### 4.3（6分）"
   ]
  },
  {
   "cell_type": "code",
   "execution_count": 13,
   "metadata": {
    "collapsed": true
   },
   "outputs": [
    {
     "data": {
      "text/html": [
       "<p>$\\sigma_{c=0}$($\\Pi_{c}$($\\sigma_{d=2}$($\\sigma_{a=4}$(( R(a,b) ) $\\Join_{b}$ ( ( S(b,c) ) $\\Join_{c}$ ( T(c,d) ) )))))</p>"
      ],
      "text/plain": [
       "<IPython.core.display.HTML object>"
      ]
     },
     "metadata": {},
     "output_type": "display_data"
    },
    {
     "name": "stdout",
     "output_type": "stream",
     "text": [
      "[(0,)]\n"
     ]
    },
    {
     "data": {
      "text/html": [
       "<p>Total Reads: 1065655</p>\n",
       "<ul>\n",
       "<li>$\\sigma_{c=0}$ [tuples read in: 5 out: 1]<ul>\n",
       "<li>$\\Pi_{['c']}$ [tuples read in: 50 out: 5]<ul>\n",
       "<li>$\\sigma_{d=2}$ [tuples read in: 500 out: 50]<ul>\n",
       "<li>$\\sigma_{a=4}$ [tuples read in: 5000 out: 500]<ul>\n",
       "<li>$\\Join_{b}$ [tuples read in: 50100 out: 5000]<ul>\n",
       "<li>R(a,b) has 100 tuples </li>\n",
       "<li>$\\Join_{c}$ [tuples read in: 1010000 out: 50000]<ul>\n",
       "<li>S(b,c) has 100 tuples </li>\n",
       "<li>T(c,d) has 100 tuples </li>\n",
       "</ul>\n",
       "</li>\n",
       "</ul>\n",
       "</li>\n",
       "</ul>\n",
       "</li>\n",
       "</ul>\n",
       "</li>\n",
       "</ul>\n",
       "</li>\n",
       "</ul>\n",
       "</li>\n",
       "</ul>"
      ],
      "text/plain": [
       "<IPython.core.display.HTML object>"
      ]
     },
     "metadata": {},
     "output_type": "display_data"
    }
   ],
   "source": [
    "x = Select(\"c\", 0, Project([\"c\"], Select(\"d\", 2, Select(\"a\", 4, NJoin(R, NJoin(S,T))))))\n",
    "render_markdown(x)\n",
    "print(get_result(x))\n",
    "cost_markdown(x)"
   ]
  },
  {
   "cell_type": "code",
   "execution_count": 16,
   "metadata": {
    "collapsed": true
   },
   "outputs": [
    {
     "data": {
      "text/html": [
       "<p>$\\Pi_{c}$(( ( $\\sigma_{c=0}$(S(b,c)) ) $\\Join_{c}$ ( $\\sigma_{d=2}$(T(c,d)) ) ) $\\Join_{b}$ ( $\\sigma_{a=4}$(R(a,b)) ))</p>"
      ],
      "text/plain": [
       "<IPython.core.display.HTML object>"
      ]
     },
     "metadata": {},
     "output_type": "display_data"
    },
    {
     "name": "stdout",
     "output_type": "stream",
     "text": [
      "[(0,)]\n",
      "True\n"
     ]
    },
    {
     "data": {
      "text/html": [
       "<p>Total Reads: 2330</p>\n",
       "<ul>\n",
       "<li>$\\Pi_{['c']}$ [tuples read in: 10 out: 1]<ul>\n",
       "<li>$\\Join_{b}$ [tuples read in: 110 out: 10]<ul>\n",
       "<li>$\\Join_{c}$ [tuples read in: 110 out: 10]<ul>\n",
       "<li>$\\sigma_{c=0}$ [tuples read in: 100 out: 10]<ul>\n",
       "<li>S(b,c) has 100 tuples </li>\n",
       "</ul>\n",
       "</li>\n",
       "<li>$\\sigma_{d=2}$ [tuples read in: 1000 out: 100]<ul>\n",
       "<li>T(c,d) has 100 tuples </li>\n",
       "</ul>\n",
       "</li>\n",
       "</ul>\n",
       "</li>\n",
       "<li>$\\sigma_{a=4}$ [tuples read in: 1000 out: 100]<ul>\n",
       "<li>R(a,b) has 100 tuples </li>\n",
       "</ul>\n",
       "</li>\n",
       "</ul>\n",
       "</li>\n",
       "</ul>\n",
       "</li>\n",
       "</ul>"
      ],
      "text/plain": [
       "<IPython.core.display.HTML object>"
      ]
     },
     "metadata": {},
     "output_type": "display_data"
    }
   ],
   "source": [
    "y = Project([\"c\"],NJoin(NJoin(Select(\"c\",0,S),Select(\"d\",2,T)),Select(\"a\",4,R)))\n",
    "\n",
    "render_markdown(y)\n",
    "print(get_result(y))\n",
    "print(compare_results(x,y))\n",
    "cost_markdown(y)"
   ]
  },
  {
   "cell_type": "code",
   "execution_count": 19,
   "metadata": {
    "collapsed": true
   },
   "outputs": [
    {
     "name": "stdout",
     "output_type": "stream",
     "text": [
      " * postgresql://postgres:***@localhost:5432/hw4\n",
      "16 rows affected.\n"
     ]
    },
    {
     "data": {
      "text/html": [
       "<table>\n",
       "    <tr>\n",
       "        <th>QUERY PLAN</th>\n",
       "    </tr>\n",
       "    <tr>\n",
       "        <td>Hash Join  (cost=2.38..7.47 rows=10 width=4) (actual time=0.055..0.074 rows=10 loops=1)</td>\n",
       "    </tr>\n",
       "    <tr>\n",
       "        <td>&nbsp;&nbsp;Hash Cond: (s.b = r.b)</td>\n",
       "    </tr>\n",
       "    <tr>\n",
       "        <td>&nbsp;&nbsp;-&gt;  Nested Loop  (cost=0.00..4.85 rows=10 width=8) (actual time=0.029..0.045 rows=10 loops=1)</td>\n",
       "    </tr>\n",
       "    <tr>\n",
       "        <td>&nbsp;&nbsp;&nbsp;&nbsp;&nbsp;&nbsp;&nbsp;&nbsp;-&gt;  Seq Scan on t  (cost=0.00..2.50 rows=1 width=4) (actual time=0.019..0.025 rows=1 loops=1)</td>\n",
       "    </tr>\n",
       "    <tr>\n",
       "        <td>&nbsp;&nbsp;&nbsp;&nbsp;&nbsp;&nbsp;&nbsp;&nbsp;&nbsp;&nbsp;&nbsp;&nbsp;&nbsp;&nbsp;Filter: ((c = 0) AND (d = 2))</td>\n",
       "    </tr>\n",
       "    <tr>\n",
       "        <td>&nbsp;&nbsp;&nbsp;&nbsp;&nbsp;&nbsp;&nbsp;&nbsp;&nbsp;&nbsp;&nbsp;&nbsp;&nbsp;&nbsp;Rows Removed by Filter: 99</td>\n",
       "    </tr>\n",
       "    <tr>\n",
       "        <td>&nbsp;&nbsp;&nbsp;&nbsp;&nbsp;&nbsp;&nbsp;&nbsp;-&gt;  Seq Scan on s  (cost=0.00..2.25 rows=10 width=8) (actual time=0.008..0.015 rows=10 loops=1)</td>\n",
       "    </tr>\n",
       "    <tr>\n",
       "        <td>&nbsp;&nbsp;&nbsp;&nbsp;&nbsp;&nbsp;&nbsp;&nbsp;&nbsp;&nbsp;&nbsp;&nbsp;&nbsp;&nbsp;Filter: (c = 0)</td>\n",
       "    </tr>\n",
       "    <tr>\n",
       "        <td>&nbsp;&nbsp;&nbsp;&nbsp;&nbsp;&nbsp;&nbsp;&nbsp;&nbsp;&nbsp;&nbsp;&nbsp;&nbsp;&nbsp;Rows Removed by Filter: 90</td>\n",
       "    </tr>\n",
       "    <tr>\n",
       "        <td>&nbsp;&nbsp;-&gt;  Hash  (cost=2.25..2.25 rows=10 width=4) (actual time=0.019..0.019 rows=10 loops=1)</td>\n",
       "    </tr>\n",
       "    <tr>\n",
       "        <td>&nbsp;&nbsp;&nbsp;&nbsp;&nbsp;&nbsp;&nbsp;&nbsp;Buckets: 1024  Batches: 1  Memory Usage: 9kB</td>\n",
       "    </tr>\n",
       "    <tr>\n",
       "        <td>&nbsp;&nbsp;&nbsp;&nbsp;&nbsp;&nbsp;&nbsp;&nbsp;-&gt;  Seq Scan on r  (cost=0.00..2.25 rows=10 width=4) (actual time=0.008..0.015 rows=10 loops=1)</td>\n",
       "    </tr>\n",
       "    <tr>\n",
       "        <td>&nbsp;&nbsp;&nbsp;&nbsp;&nbsp;&nbsp;&nbsp;&nbsp;&nbsp;&nbsp;&nbsp;&nbsp;&nbsp;&nbsp;Filter: (a = 4)</td>\n",
       "    </tr>\n",
       "    <tr>\n",
       "        <td>&nbsp;&nbsp;&nbsp;&nbsp;&nbsp;&nbsp;&nbsp;&nbsp;&nbsp;&nbsp;&nbsp;&nbsp;&nbsp;&nbsp;Rows Removed by Filter: 90</td>\n",
       "    </tr>\n",
       "    <tr>\n",
       "        <td>Planning Time: 0.215 ms</td>\n",
       "    </tr>\n",
       "    <tr>\n",
       "        <td>Execution Time: 0.119 ms</td>\n",
       "    </tr>\n",
       "</table>"
      ],
      "text/plain": [
       "[('Hash Join  (cost=2.38..7.47 rows=10 width=4) (actual time=0.055..0.074 rows=10 loops=1)',),\n",
       " ('  Hash Cond: (s.b = r.b)',),\n",
       " ('  ->  Nested Loop  (cost=0.00..4.85 rows=10 width=8) (actual time=0.029..0.045 rows=10 loops=1)',),\n",
       " ('        ->  Seq Scan on t  (cost=0.00..2.50 rows=1 width=4) (actual time=0.019..0.025 rows=1 loops=1)',),\n",
       " ('              Filter: ((c = 0) AND (d = 2))',),\n",
       " ('              Rows Removed by Filter: 99',),\n",
       " ('        ->  Seq Scan on s  (cost=0.00..2.25 rows=10 width=8) (actual time=0.008..0.015 rows=10 loops=1)',),\n",
       " ('              Filter: (c = 0)',),\n",
       " ('              Rows Removed by Filter: 90',),\n",
       " ('  ->  Hash  (cost=2.25..2.25 rows=10 width=4) (actual time=0.019..0.019 rows=10 loops=1)',),\n",
       " ('        Buckets: 1024  Batches: 1  Memory Usage: 9kB',),\n",
       " ('        ->  Seq Scan on r  (cost=0.00..2.25 rows=10 width=4) (actual time=0.008..0.015 rows=10 loops=1)',),\n",
       " ('              Filter: (a = 4)',),\n",
       " ('              Rows Removed by Filter: 90',),\n",
       " ('Planning Time: 0.215 ms',),\n",
       " ('Execution Time: 0.119 ms',)]"
      ]
     },
     "execution_count": 19,
     "metadata": {},
     "output_type": "execute_result"
    }
   ],
   "source": [
    "%%sql \n",
    "explain analyze\n",
    "SELECT c\n",
    "FROM (\n",
    "    SELECT * \n",
    "    FROM (\n",
    "        SELECT * \n",
    "        FROM ((\n",
    "            SELECT * \n",
    "            FROM S NATURAL JOIN T) AS A \n",
    "        NATURAL JOIN R) AS B \n",
    "        WHERE a = 4) \n",
    "    AS C \n",
    "    WHERE d = 2) AS D\n",
    "WHERE c = 0"
   ]
  },
  {
   "cell_type": "code",
   "execution_count": 22,
   "metadata": {
    "collapsed": true
   },
   "outputs": [
    {
     "name": "stdout",
     "output_type": "stream",
     "text": [
      " * postgresql://postgres:***@localhost:5432/hw4\n",
      "Done.\n",
      "Done.\n"
     ]
    },
    {
     "data": {
      "text/plain": [
       "[]"
      ]
     },
     "execution_count": 22,
     "metadata": {},
     "output_type": "execute_result"
    }
   ],
   "source": [
    "%%sql \n",
    "DROP INDEX IF EXISTS I;\n",
    "CREATE INDEX I ON R(a ASC); "
   ]
  },
  {
   "cell_type": "code",
   "execution_count": 24,
   "metadata": {
    "collapsed": true
   },
   "outputs": [
    {
     "name": "stdout",
     "output_type": "stream",
     "text": [
      " * postgresql://postgres:***@localhost:5432/hw4\n",
      "16 rows affected.\n"
     ]
    },
    {
     "data": {
      "text/html": [
       "<table>\n",
       "    <tr>\n",
       "        <th>QUERY PLAN</th>\n",
       "    </tr>\n",
       "    <tr>\n",
       "        <td>Hash Join  (cost=2.38..7.47 rows=10 width=4) (actual time=0.041..0.059 rows=10 loops=1)</td>\n",
       "    </tr>\n",
       "    <tr>\n",
       "        <td>&nbsp;&nbsp;Hash Cond: (s.b = r.b)</td>\n",
       "    </tr>\n",
       "    <tr>\n",
       "        <td>&nbsp;&nbsp;-&gt;  Nested Loop  (cost=0.00..4.85 rows=10 width=8) (actual time=0.016..0.031 rows=10 loops=1)</td>\n",
       "    </tr>\n",
       "    <tr>\n",
       "        <td>&nbsp;&nbsp;&nbsp;&nbsp;&nbsp;&nbsp;&nbsp;&nbsp;-&gt;  Seq Scan on t  (cost=0.00..2.50 rows=1 width=4) (actual time=0.010..0.017 rows=1 loops=1)</td>\n",
       "    </tr>\n",
       "    <tr>\n",
       "        <td>&nbsp;&nbsp;&nbsp;&nbsp;&nbsp;&nbsp;&nbsp;&nbsp;&nbsp;&nbsp;&nbsp;&nbsp;&nbsp;&nbsp;Filter: ((c = 0) AND (d = 2))</td>\n",
       "    </tr>\n",
       "    <tr>\n",
       "        <td>&nbsp;&nbsp;&nbsp;&nbsp;&nbsp;&nbsp;&nbsp;&nbsp;&nbsp;&nbsp;&nbsp;&nbsp;&nbsp;&nbsp;Rows Removed by Filter: 99</td>\n",
       "    </tr>\n",
       "    <tr>\n",
       "        <td>&nbsp;&nbsp;&nbsp;&nbsp;&nbsp;&nbsp;&nbsp;&nbsp;-&gt;  Seq Scan on s  (cost=0.00..2.25 rows=10 width=8) (actual time=0.004..0.011 rows=10 loops=1)</td>\n",
       "    </tr>\n",
       "    <tr>\n",
       "        <td>&nbsp;&nbsp;&nbsp;&nbsp;&nbsp;&nbsp;&nbsp;&nbsp;&nbsp;&nbsp;&nbsp;&nbsp;&nbsp;&nbsp;Filter: (c = 0)</td>\n",
       "    </tr>\n",
       "    <tr>\n",
       "        <td>&nbsp;&nbsp;&nbsp;&nbsp;&nbsp;&nbsp;&nbsp;&nbsp;&nbsp;&nbsp;&nbsp;&nbsp;&nbsp;&nbsp;Rows Removed by Filter: 90</td>\n",
       "    </tr>\n",
       "    <tr>\n",
       "        <td>&nbsp;&nbsp;-&gt;  Hash  (cost=2.25..2.25 rows=10 width=4) (actual time=0.020..0.020 rows=10 loops=1)</td>\n",
       "    </tr>\n",
       "    <tr>\n",
       "        <td>&nbsp;&nbsp;&nbsp;&nbsp;&nbsp;&nbsp;&nbsp;&nbsp;Buckets: 1024  Batches: 1  Memory Usage: 9kB</td>\n",
       "    </tr>\n",
       "    <tr>\n",
       "        <td>&nbsp;&nbsp;&nbsp;&nbsp;&nbsp;&nbsp;&nbsp;&nbsp;-&gt;  Seq Scan on r  (cost=0.00..2.25 rows=10 width=4) (actual time=0.004..0.012 rows=10 loops=1)</td>\n",
       "    </tr>\n",
       "    <tr>\n",
       "        <td>&nbsp;&nbsp;&nbsp;&nbsp;&nbsp;&nbsp;&nbsp;&nbsp;&nbsp;&nbsp;&nbsp;&nbsp;&nbsp;&nbsp;Filter: (a = 4)</td>\n",
       "    </tr>\n",
       "    <tr>\n",
       "        <td>&nbsp;&nbsp;&nbsp;&nbsp;&nbsp;&nbsp;&nbsp;&nbsp;&nbsp;&nbsp;&nbsp;&nbsp;&nbsp;&nbsp;Rows Removed by Filter: 90</td>\n",
       "    </tr>\n",
       "    <tr>\n",
       "        <td>Planning Time: 0.308 ms</td>\n",
       "    </tr>\n",
       "    <tr>\n",
       "        <td>Execution Time: 0.082 ms</td>\n",
       "    </tr>\n",
       "</table>"
      ],
      "text/plain": [
       "[('Hash Join  (cost=2.38..7.47 rows=10 width=4) (actual time=0.041..0.059 rows=10 loops=1)',),\n",
       " ('  Hash Cond: (s.b = r.b)',),\n",
       " ('  ->  Nested Loop  (cost=0.00..4.85 rows=10 width=8) (actual time=0.016..0.031 rows=10 loops=1)',),\n",
       " ('        ->  Seq Scan on t  (cost=0.00..2.50 rows=1 width=4) (actual time=0.010..0.017 rows=1 loops=1)',),\n",
       " ('              Filter: ((c = 0) AND (d = 2))',),\n",
       " ('              Rows Removed by Filter: 99',),\n",
       " ('        ->  Seq Scan on s  (cost=0.00..2.25 rows=10 width=8) (actual time=0.004..0.011 rows=10 loops=1)',),\n",
       " ('              Filter: (c = 0)',),\n",
       " ('              Rows Removed by Filter: 90',),\n",
       " ('  ->  Hash  (cost=2.25..2.25 rows=10 width=4) (actual time=0.020..0.020 rows=10 loops=1)',),\n",
       " ('        Buckets: 1024  Batches: 1  Memory Usage: 9kB',),\n",
       " ('        ->  Seq Scan on r  (cost=0.00..2.25 rows=10 width=4) (actual time=0.004..0.012 rows=10 loops=1)',),\n",
       " ('              Filter: (a = 4)',),\n",
       " ('              Rows Removed by Filter: 90',),\n",
       " ('Planning Time: 0.308 ms',),\n",
       " ('Execution Time: 0.082 ms',)]"
      ]
     },
     "execution_count": 24,
     "metadata": {},
     "output_type": "execute_result"
    }
   ],
   "source": [
    "%%sql \n",
    "explain analyze\n",
    "SELECT c\n",
    "FROM (\n",
    "    SELECT * \n",
    "    FROM (\n",
    "        SELECT * \n",
    "        FROM ((\n",
    "            SELECT * \n",
    "            FROM S NATURAL JOIN T) AS A \n",
    "        NATURAL JOIN R) AS B \n",
    "        WHERE a = 4) \n",
    "    AS C \n",
    "    WHERE d = 2) AS D\n",
    "WHERE c = 0"
   ]
  },
  {
   "cell_type": "raw",
   "metadata": {},
   "source": [
    "PostgreSQL进行了哪些关系代数优化:\n",
    "原关系代数对三张表做自然连接随后在条件选择\n",
    "PostgreSQL做了如下优化\n",
    "先对s表进行c=0的条件选择\n",
    "对r表进行a=4的条件选择\n",
    "对t表进行c=0 and d=2的条件选择\n",
    "然后nested loop连接r，s表\n",
    "最后hash连接t表\n",
    "\n",
    "PostgreSQL是否使用了创建的索引，并分析原因:\n",
    "没有使用索引，可能是因为表的数据量少，顺序扫描代价可能小于索引代价，使用B+树索引查询可能访问了更多数据块"
   ]
  },
  {
   "cell_type": "markdown",
   "metadata": {},
   "source": [
    "### 5. 空间索引（19分）"
   ]
  },
  {
   "cell_type": "markdown",
   "metadata": {},
   "source": [
    "Natural Earth网站下载[Urban Areas](http://www.naturalearthdata.com/downloads/10m-cultural-vectors/) (12.49 MB version 4.0.0)，[Rivers+lake centerlines](http://www.naturalearthdata.com/downloads/10m-physical-vectors/) (1.98 MB version 5.0.0)，和[Populated Places](http://www.naturalearthdata.com/downloads/10m-cultural-vectors/) (2.68 MB version 5.1.2)数据。\n",
    "\n",
    "在PostgreSQL中导入上述三个shapefile文件，注意导入时**缺省选项是为空间数据创建空间索引**，需要取消这些创建索引选项，手动为Urban_Areas、Rivers和Cities创建空间索引，需要手动修改导入后的关系名。\n",
    "\n",
    "<img src = \"shapefile.png\"/>\n",
    "\n",
    "构造以下空间查询，不能使用with语句。首先在无空间索引下查询，然后创建空间索引，再在有空间索引下查询。"
   ]
  },
  {
   "cell_type": "markdown",
   "metadata": {},
   "source": [
    "#### 5.1 查询每条河流穿越城市区域的次数，查询结果模式为(rivers.name, num)，按次数降序排列 (使用ST_Crosses实现)（3分）"
   ]
  },
  {
   "cell_type": "code",
   "execution_count": 27,
   "metadata": {
    "collapsed": true
   },
   "outputs": [
    {
     "name": "stdout",
     "output_type": "stream",
     "text": [
      " * postgresql://postgres:***@localhost:5432/hw4\n",
      "27 rows affected.\n"
     ]
    },
    {
     "data": {
      "text/html": [
       "<table>\n",
       "    <tr>\n",
       "        <th>QUERY PLAN</th>\n",
       "    </tr>\n",
       "    <tr>\n",
       "        <td>Sort  (cost=212789889.53..212789891.97 rows=973 width=16) (actual time=23545.805..23549.481 rows=491 loops=1)</td>\n",
       "    </tr>\n",
       "    <tr>\n",
       "        <td>&nbsp;&nbsp;Sort Key: (count(*)) DESC</td>\n",
       "    </tr>\n",
       "    <tr>\n",
       "        <td>&nbsp;&nbsp;Sort Method: quicksort  Memory: 52kB</td>\n",
       "    </tr>\n",
       "    <tr>\n",
       "        <td>&nbsp;&nbsp;-&gt;  Finalize GroupAggregate  (cost=212789014.72..212789841.24 rows=973 width=16) (actual time=23545.270..23549.393 rows=491 loops=1)</td>\n",
       "    </tr>\n",
       "    <tr>\n",
       "        <td>&nbsp;&nbsp;&nbsp;&nbsp;&nbsp;&nbsp;&nbsp;&nbsp;Group Key: river.name</td>\n",
       "    </tr>\n",
       "    <tr>\n",
       "        <td>&nbsp;&nbsp;&nbsp;&nbsp;&nbsp;&nbsp;&nbsp;&nbsp;-&gt;  Gather Merge  (cost=212789014.72..212789826.65 rows=973 width=16) (actual time=23545.250..23549.246 rows=743 loops=1)</td>\n",
       "    </tr>\n",
       "    <tr>\n",
       "        <td>&nbsp;&nbsp;&nbsp;&nbsp;&nbsp;&nbsp;&nbsp;&nbsp;&nbsp;&nbsp;&nbsp;&nbsp;&nbsp;&nbsp;Workers Planned: 1</td>\n",
       "    </tr>\n",
       "    <tr>\n",
       "        <td>&nbsp;&nbsp;&nbsp;&nbsp;&nbsp;&nbsp;&nbsp;&nbsp;&nbsp;&nbsp;&nbsp;&nbsp;&nbsp;&nbsp;Workers Launched: 1</td>\n",
       "    </tr>\n",
       "    <tr>\n",
       "        <td>&nbsp;&nbsp;&nbsp;&nbsp;&nbsp;&nbsp;&nbsp;&nbsp;&nbsp;&nbsp;&nbsp;&nbsp;&nbsp;&nbsp;-&gt;  Partial GroupAggregate  (cost=212788014.71..212788717.18 rows=973 width=16) (actual time=23520.896..23521.048 rows=372 loops=2)</td>\n",
       "    </tr>\n",
       "    <tr>\n",
       "        <td>&nbsp;&nbsp;&nbsp;&nbsp;&nbsp;&nbsp;&nbsp;&nbsp;&nbsp;&nbsp;&nbsp;&nbsp;&nbsp;&nbsp;&nbsp;&nbsp;&nbsp;&nbsp;&nbsp;&nbsp;Group Key: river.name</td>\n",
       "    </tr>\n",
       "    <tr>\n",
       "        <td>&nbsp;&nbsp;&nbsp;&nbsp;&nbsp;&nbsp;&nbsp;&nbsp;&nbsp;&nbsp;&nbsp;&nbsp;&nbsp;&nbsp;&nbsp;&nbsp;&nbsp;&nbsp;&nbsp;&nbsp;-&gt;  Sort  (cost=212788014.71..212788245.62 rows=92365 width=8) (actual time=23520.884..23520.930 rows=934 loops=2)</td>\n",
       "    </tr>\n",
       "    <tr>\n",
       "        <td>&nbsp;&nbsp;&nbsp;&nbsp;&nbsp;&nbsp;&nbsp;&nbsp;&nbsp;&nbsp;&nbsp;&nbsp;&nbsp;&nbsp;&nbsp;&nbsp;&nbsp;&nbsp;&nbsp;&nbsp;&nbsp;&nbsp;&nbsp;&nbsp;&nbsp;&nbsp;Sort Key: river.name</td>\n",
       "    </tr>\n",
       "    <tr>\n",
       "        <td>&nbsp;&nbsp;&nbsp;&nbsp;&nbsp;&nbsp;&nbsp;&nbsp;&nbsp;&nbsp;&nbsp;&nbsp;&nbsp;&nbsp;&nbsp;&nbsp;&nbsp;&nbsp;&nbsp;&nbsp;&nbsp;&nbsp;&nbsp;&nbsp;&nbsp;&nbsp;Sort Method: quicksort  Memory: 67kB</td>\n",
       "    </tr>\n",
       "    <tr>\n",
       "        <td>&nbsp;&nbsp;&nbsp;&nbsp;&nbsp;&nbsp;&nbsp;&nbsp;&nbsp;&nbsp;&nbsp;&nbsp;&nbsp;&nbsp;&nbsp;&nbsp;&nbsp;&nbsp;&nbsp;&nbsp;&nbsp;&nbsp;&nbsp;&nbsp;&nbsp;&nbsp;Worker 0:  Sort Method: quicksort  Memory: 70kB</td>\n",
       "    </tr>\n",
       "    <tr>\n",
       "        <td>&nbsp;&nbsp;&nbsp;&nbsp;&nbsp;&nbsp;&nbsp;&nbsp;&nbsp;&nbsp;&nbsp;&nbsp;&nbsp;&nbsp;&nbsp;&nbsp;&nbsp;&nbsp;&nbsp;&nbsp;&nbsp;&nbsp;&nbsp;&nbsp;&nbsp;&nbsp;-&gt;  Nested Loop  (cost=0.00..212780396.88 rows=92365 width=8) (actual time=291.322..23518.969 rows=934 loops=2)</td>\n",
       "    </tr>\n",
       "    <tr>\n",
       "        <td>&nbsp;&nbsp;&nbsp;&nbsp;&nbsp;&nbsp;&nbsp;&nbsp;&nbsp;&nbsp;&nbsp;&nbsp;&nbsp;&nbsp;&nbsp;&nbsp;&nbsp;&nbsp;&nbsp;&nbsp;&nbsp;&nbsp;&nbsp;&nbsp;&nbsp;&nbsp;&nbsp;&nbsp;&nbsp;&nbsp;&nbsp;&nbsp;Join Filter: st_crosses(river.geom, city.geom)</td>\n",
       "    </tr>\n",
       "    <tr>\n",
       "        <td>&nbsp;&nbsp;&nbsp;&nbsp;&nbsp;&nbsp;&nbsp;&nbsp;&nbsp;&nbsp;&nbsp;&nbsp;&nbsp;&nbsp;&nbsp;&nbsp;&nbsp;&nbsp;&nbsp;&nbsp;&nbsp;&nbsp;&nbsp;&nbsp;&nbsp;&nbsp;&nbsp;&nbsp;&nbsp;&nbsp;&nbsp;&nbsp;Rows Removed by Join Filter: 7131805</td>\n",
       "    </tr>\n",
       "    <tr>\n",
       "        <td>&nbsp;&nbsp;&nbsp;&nbsp;&nbsp;&nbsp;&nbsp;&nbsp;&nbsp;&nbsp;&nbsp;&nbsp;&nbsp;&nbsp;&nbsp;&nbsp;&nbsp;&nbsp;&nbsp;&nbsp;&nbsp;&nbsp;&nbsp;&nbsp;&nbsp;&nbsp;&nbsp;&nbsp;&nbsp;&nbsp;&nbsp;&nbsp;-&gt;  Parallel Seq Scan on ne_10m_urban_areas city  (cost=0.00..2333.87 rows=6987 width=1601) (actual time=0.013..4.799 rows=5939 loops=2)</td>\n",
       "    </tr>\n",
       "    <tr>\n",
       "        <td>&nbsp;&nbsp;&nbsp;&nbsp;&nbsp;&nbsp;&nbsp;&nbsp;&nbsp;&nbsp;&nbsp;&nbsp;&nbsp;&nbsp;&nbsp;&nbsp;&nbsp;&nbsp;&nbsp;&nbsp;&nbsp;&nbsp;&nbsp;&nbsp;&nbsp;&nbsp;&nbsp;&nbsp;&nbsp;&nbsp;&nbsp;&nbsp;-&gt;  Seq Scan on ne_10m_rivers_lake_centerlines river  (cost=0.00..416.41 rows=1201 width=2850) (actual time=0.041..0.247 rows=1201 loops=11878)</td>\n",
       "    </tr>\n",
       "    <tr>\n",
       "        <td>&nbsp;&nbsp;&nbsp;&nbsp;&nbsp;&nbsp;&nbsp;&nbsp;&nbsp;&nbsp;&nbsp;&nbsp;&nbsp;&nbsp;&nbsp;&nbsp;&nbsp;&nbsp;&nbsp;&nbsp;&nbsp;&nbsp;&nbsp;&nbsp;&nbsp;&nbsp;&nbsp;&nbsp;&nbsp;&nbsp;&nbsp;&nbsp;&nbsp;&nbsp;&nbsp;&nbsp;&nbsp;&nbsp;Filter: ((featurecla)::text = &#x27;River&#x27;::text)</td>\n",
       "    </tr>\n",
       "    <tr>\n",
       "        <td>&nbsp;&nbsp;&nbsp;&nbsp;&nbsp;&nbsp;&nbsp;&nbsp;&nbsp;&nbsp;&nbsp;&nbsp;&nbsp;&nbsp;&nbsp;&nbsp;&nbsp;&nbsp;&nbsp;&nbsp;&nbsp;&nbsp;&nbsp;&nbsp;&nbsp;&nbsp;&nbsp;&nbsp;&nbsp;&nbsp;&nbsp;&nbsp;&nbsp;&nbsp;&nbsp;&nbsp;&nbsp;&nbsp;Rows Removed by Filter: 272</td>\n",
       "    </tr>\n",
       "    <tr>\n",
       "        <td>Planning Time: 0.340 ms</td>\n",
       "    </tr>\n",
       "    <tr>\n",
       "        <td>JIT:</td>\n",
       "    </tr>\n",
       "    <tr>\n",
       "        <td>&nbsp;&nbsp;Functions: 25</td>\n",
       "    </tr>\n",
       "    <tr>\n",
       "        <td>&nbsp;&nbsp;Options: Inlining true, Optimization true, Expressions true, Deforming true</td>\n",
       "    </tr>\n",
       "    <tr>\n",
       "        <td>&nbsp;&nbsp;Timing: Generation 3.610 ms, Inlining 48.280 ms, Optimization 262.187 ms, Emission 168.384 ms, Total 482.461 ms</td>\n",
       "    </tr>\n",
       "    <tr>\n",
       "        <td>Execution Time: 23551.765 ms</td>\n",
       "    </tr>\n",
       "</table>"
      ],
      "text/plain": [
       "[('Sort  (cost=212789889.53..212789891.97 rows=973 width=16) (actual time=23545.805..23549.481 rows=491 loops=1)',),\n",
       " ('  Sort Key: (count(*)) DESC',),\n",
       " ('  Sort Method: quicksort  Memory: 52kB',),\n",
       " ('  ->  Finalize GroupAggregate  (cost=212789014.72..212789841.24 rows=973 width=16) (actual time=23545.270..23549.393 rows=491 loops=1)',),\n",
       " ('        Group Key: river.name',),\n",
       " ('        ->  Gather Merge  (cost=212789014.72..212789826.65 rows=973 width=16) (actual time=23545.250..23549.246 rows=743 loops=1)',),\n",
       " ('              Workers Planned: 1',),\n",
       " ('              Workers Launched: 1',),\n",
       " ('              ->  Partial GroupAggregate  (cost=212788014.71..212788717.18 rows=973 width=16) (actual time=23520.896..23521.048 rows=372 loops=2)',),\n",
       " ('                    Group Key: river.name',),\n",
       " ('                    ->  Sort  (cost=212788014.71..212788245.62 rows=92365 width=8) (actual time=23520.884..23520.930 rows=934 loops=2)',),\n",
       " ('                          Sort Key: river.name',),\n",
       " ('                          Sort Method: quicksort  Memory: 67kB',),\n",
       " ('                          Worker 0:  Sort Method: quicksort  Memory: 70kB',),\n",
       " ('                          ->  Nested Loop  (cost=0.00..212780396.88 rows=92365 width=8) (actual time=291.322..23518.969 rows=934 loops=2)',),\n",
       " ('                                Join Filter: st_crosses(river.geom, city.geom)',),\n",
       " ('                                Rows Removed by Join Filter: 7131805',),\n",
       " ('                                ->  Parallel Seq Scan on ne_10m_urban_areas city  (cost=0.00..2333.87 rows=6987 width=1601) (actual time=0.013..4.799 rows=5939 loops=2)',),\n",
       " ('                                ->  Seq Scan on ne_10m_rivers_lake_centerlines river  (cost=0.00..416.41 rows=1201 width=2850) (actual time=0.041..0.247 rows=1201 loops=11878)',),\n",
       " (\"                                      Filter: ((featurecla)::text = 'River'::text)\",),\n",
       " ('                                      Rows Removed by Filter: 272',),\n",
       " ('Planning Time: 0.340 ms',),\n",
       " ('JIT:',),\n",
       " ('  Functions: 25',),\n",
       " ('  Options: Inlining true, Optimization true, Expressions true, Deforming true',),\n",
       " ('  Timing: Generation 3.610 ms, Inlining 48.280 ms, Optimization 262.187 ms, Emission 168.384 ms, Total 482.461 ms',),\n",
       " ('Execution Time: 23551.765 ms',)]"
      ]
     },
     "execution_count": 27,
     "metadata": {},
     "output_type": "execute_result"
    }
   ],
   "source": [
    "%%sql\n",
    "explain analyze\n",
    "SELECT river.name ,count(*) AS num \n",
    "FROM ne_10m_rivers_lake_centerlines AS river, ne_10m_urban_areas AS city \n",
    "WHERE river.featurecla = 'River' AND ST_Crosses(river.geom, city.geom) \n",
    "GROUP BY river.name \n",
    "ORDER BY num DESC;"
   ]
  },
  {
   "cell_type": "markdown",
   "metadata": {},
   "source": [
    "基于上述查询规划回答以下问题"
   ]
  },
  {
   "cell_type": "raw",
   "metadata": {},
   "source": [
    "城市区域和河流的连接操作使用了哪个Join算法：Nested Loop\n",
    "基于河流分组使用了什么算法实现：先使用quick sort排序，然后使用Partial GroupAggregate分组，然后对结果各部分使用Gather Merge合并，最后执行Finalize GroupAggregate合并\n",
    "按次数降序排列使用了什么算法实现：quick sort\n",
    "按次数降序排列是在磁盘还是内存完成：内存"
   ]
  },
  {
   "cell_type": "markdown",
   "metadata": {},
   "source": [
    "#### 5.2 查询在亚马逊河流10个单位距离内的所有城市，查询结果模式为(cities.gid, cities.name) (使用ST_Distance实现)（3分）"
   ]
  },
  {
   "cell_type": "code",
   "execution_count": 28,
   "metadata": {
    "collapsed": true
   },
   "outputs": [
    {
     "name": "stdout",
     "output_type": "stream",
     "text": [
      " * postgresql://postgres:***@localhost:5432/hw4\n",
      "17 rows affected.\n"
     ]
    },
    {
     "data": {
      "text/html": [
       "<table>\n",
       "    <tr>\n",
       "        <th>QUERY PLAN</th>\n",
       "    </tr>\n",
       "    <tr>\n",
       "        <td>Unique  (cost=185191.02..185209.37 rows=2447 width=13) (actual time=124.098..124.139 rows=272 loops=1)</td>\n",
       "    </tr>\n",
       "    <tr>\n",
       "        <td>&nbsp;&nbsp;-&gt;  Sort  (cost=185191.02..185197.13 rows=2447 width=13) (actual time=124.097..124.106 rows=272 loops=1)</td>\n",
       "    </tr>\n",
       "    <tr>\n",
       "        <td>&nbsp;&nbsp;&nbsp;&nbsp;&nbsp;&nbsp;&nbsp;&nbsp;Sort Key: cities.gid, cities.name</td>\n",
       "    </tr>\n",
       "    <tr>\n",
       "        <td>&nbsp;&nbsp;&nbsp;&nbsp;&nbsp;&nbsp;&nbsp;&nbsp;Sort Method: quicksort  Memory: 39kB</td>\n",
       "    </tr>\n",
       "    <tr>\n",
       "        <td>&nbsp;&nbsp;&nbsp;&nbsp;&nbsp;&nbsp;&nbsp;&nbsp;-&gt;  Nested Loop  (cost=0.00..185053.29 rows=2447 width=13) (actual time=35.142..124.014 rows=272 loops=1)</td>\n",
       "    </tr>\n",
       "    <tr>\n",
       "        <td>&nbsp;&nbsp;&nbsp;&nbsp;&nbsp;&nbsp;&nbsp;&nbsp;&nbsp;&nbsp;&nbsp;&nbsp;&nbsp;&nbsp;Join Filter: (st_distance(river.geom, cities.geom) &lt; &#x27;10&#x27;::double precision)</td>\n",
       "    </tr>\n",
       "    <tr>\n",
       "        <td>&nbsp;&nbsp;&nbsp;&nbsp;&nbsp;&nbsp;&nbsp;&nbsp;&nbsp;&nbsp;&nbsp;&nbsp;&nbsp;&nbsp;Rows Removed by Join Filter: 7070</td>\n",
       "    </tr>\n",
       "    <tr>\n",
       "        <td>&nbsp;&nbsp;&nbsp;&nbsp;&nbsp;&nbsp;&nbsp;&nbsp;&nbsp;&nbsp;&nbsp;&nbsp;&nbsp;&nbsp;-&gt;  Seq Scan on ne_10m_rivers_lake_centerlines river  (cost=0.00..420.10 rows=1 width=2842) (actual time=28.229..28.512 rows=1 loops=1)</td>\n",
       "    </tr>\n",
       "    <tr>\n",
       "        <td>&nbsp;&nbsp;&nbsp;&nbsp;&nbsp;&nbsp;&nbsp;&nbsp;&nbsp;&nbsp;&nbsp;&nbsp;&nbsp;&nbsp;&nbsp;&nbsp;&nbsp;&nbsp;&nbsp;&nbsp;Filter: (((name_zh)::text ~~ &#x27;%亚马逊%&#x27;::text) AND ((featurecla)::text = &#x27;River&#x27;::text))</td>\n",
       "    </tr>\n",
       "    <tr>\n",
       "        <td>&nbsp;&nbsp;&nbsp;&nbsp;&nbsp;&nbsp;&nbsp;&nbsp;&nbsp;&nbsp;&nbsp;&nbsp;&nbsp;&nbsp;&nbsp;&nbsp;&nbsp;&nbsp;&nbsp;&nbsp;Rows Removed by Filter: 1472</td>\n",
       "    </tr>\n",
       "    <tr>\n",
       "        <td>&nbsp;&nbsp;&nbsp;&nbsp;&nbsp;&nbsp;&nbsp;&nbsp;&nbsp;&nbsp;&nbsp;&nbsp;&nbsp;&nbsp;-&gt;  Seq Scan on ne_10m_populated_places cities  (cost=0.00..991.42 rows=7342 width=45) (actual time=0.005..2.030 rows=7342 loops=1)</td>\n",
       "    </tr>\n",
       "    <tr>\n",
       "        <td>Planning Time: 0.318 ms</td>\n",
       "    </tr>\n",
       "    <tr>\n",
       "        <td>JIT:</td>\n",
       "    </tr>\n",
       "    <tr>\n",
       "        <td>&nbsp;&nbsp;Functions: 8</td>\n",
       "    </tr>\n",
       "    <tr>\n",
       "        <td>&nbsp;&nbsp;Options: Inlining false, Optimization false, Expressions true, Deforming true</td>\n",
       "    </tr>\n",
       "    <tr>\n",
       "        <td>&nbsp;&nbsp;Timing: Generation 3.138 ms, Inlining 0.000 ms, Optimization 2.936 ms, Emission 24.749 ms, Total 30.823 ms</td>\n",
       "    </tr>\n",
       "    <tr>\n",
       "        <td>Execution Time: 127.388 ms</td>\n",
       "    </tr>\n",
       "</table>"
      ],
      "text/plain": [
       "[('Unique  (cost=185191.02..185209.37 rows=2447 width=13) (actual time=124.098..124.139 rows=272 loops=1)',),\n",
       " ('  ->  Sort  (cost=185191.02..185197.13 rows=2447 width=13) (actual time=124.097..124.106 rows=272 loops=1)',),\n",
       " ('        Sort Key: cities.gid, cities.name',),\n",
       " ('        Sort Method: quicksort  Memory: 39kB',),\n",
       " ('        ->  Nested Loop  (cost=0.00..185053.29 rows=2447 width=13) (actual time=35.142..124.014 rows=272 loops=1)',),\n",
       " (\"              Join Filter: (st_distance(river.geom, cities.geom) < '10'::double precision)\",),\n",
       " ('              Rows Removed by Join Filter: 7070',),\n",
       " ('              ->  Seq Scan on ne_10m_rivers_lake_centerlines river  (cost=0.00..420.10 rows=1 width=2842) (actual time=28.229..28.512 rows=1 loops=1)',),\n",
       " (\"                    Filter: (((name_zh)::text ~~ '%亚马逊%'::text) AND ((featurecla)::text = 'River'::text))\",),\n",
       " ('                    Rows Removed by Filter: 1472',),\n",
       " ('              ->  Seq Scan on ne_10m_populated_places cities  (cost=0.00..991.42 rows=7342 width=45) (actual time=0.005..2.030 rows=7342 loops=1)',),\n",
       " ('Planning Time: 0.318 ms',),\n",
       " ('JIT:',),\n",
       " ('  Functions: 8',),\n",
       " ('  Options: Inlining false, Optimization false, Expressions true, Deforming true',),\n",
       " ('  Timing: Generation 3.138 ms, Inlining 0.000 ms, Optimization 2.936 ms, Emission 24.749 ms, Total 30.823 ms',),\n",
       " ('Execution Time: 127.388 ms',)]"
      ]
     },
     "execution_count": 28,
     "metadata": {},
     "output_type": "execute_result"
    }
   ],
   "source": [
    "%%sql\n",
    "explain analyze\n",
    "SELECT DISTINCT cities.gid, cities.name \n",
    "FROM ne_10m_rivers_lake_centerlines AS river, ne_10m_populated_places AS cities\n",
    "WHERE river.featurecla = 'River' AND river.name_zh LIKE '%亚马逊%' AND ST_Distance(river.geom,cities.geom) < 10;"
   ]
  },
  {
   "cell_type": "markdown",
   "metadata": {},
   "source": [
    "基于上述查询规划回答以下问题"
   ]
  },
  {
   "cell_type": "raw",
   "metadata": {},
   "source": [
    "查询规划估计的查询结果行数为：2447\n",
    "查询语句实际的查询结果行数为：272\n",
    "结果去重时(distinct)采用了什么算法实现：首先利用quick sort排序，然后每一行与上一行迭代对比去重\n",
    "ST_Distance(geometry, geometry)的cost值为(pgAdmin中查找)：10000"
   ]
  },
  {
   "cell_type": "markdown",
   "metadata": {},
   "source": [
    "#### 5.3 为上述三个关系创建GiST空间索引（3分）"
   ]
  },
  {
   "cell_type": "code",
   "execution_count": 29,
   "metadata": {
    "collapsed": true
   },
   "outputs": [
    {
     "name": "stdout",
     "output_type": "stream",
     "text": [
      " * postgresql://postgres:***@localhost:5432/hw4\n",
      "Done.\n",
      "Done.\n",
      "Done.\n",
      "Done.\n",
      "Done.\n",
      "Done.\n"
     ]
    },
    {
     "data": {
      "text/plain": [
       "[]"
      ]
     },
     "execution_count": 29,
     "metadata": {},
     "output_type": "execute_result"
    }
   ],
   "source": [
    "%%sql\n",
    "drop index if exists urban_areas_geom_idx;\n",
    "drop index if exists rivers_geom_idx;\n",
    "drop index if exists cities_geom_idx;\n",
    "\n",
    "CREATE INDEX rivers_geom_idx ON ne_10m_rivers_lake_centerlines USING GIST(geom);\n",
    "CREATE INDEX urban_areas_geom_idx ON ne_10m_urban_areas USING GIST(geom);\n",
    "CREATE INDEX cities_geom_idx ON ne_10m_populated_places USING GIST(geom);"
   ]
  },
  {
   "cell_type": "markdown",
   "metadata": {},
   "source": [
    "通过pg_class关系查询索引存储所需的数据页数和行数，即Block数目和城市区域、河流与城市数目"
   ]
  },
  {
   "cell_type": "code",
   "execution_count": 30,
   "metadata": {
    "collapsed": true
   },
   "outputs": [
    {
     "name": "stdout",
     "output_type": "stream",
     "text": [
      " * postgresql://postgres:***@localhost:5432/hw4\n",
      "1 rows affected.\n"
     ]
    },
    {
     "data": {
      "text/html": [
       "<table>\n",
       "    <tr>\n",
       "        <th>relpages</th>\n",
       "        <th>reltuples</th>\n",
       "    </tr>\n",
       "    <tr>\n",
       "        <td>85</td>\n",
       "        <td>11878.0</td>\n",
       "    </tr>\n",
       "</table>"
      ],
      "text/plain": [
       "[(85, 11878.0)]"
      ]
     },
     "execution_count": 30,
     "metadata": {},
     "output_type": "execute_result"
    }
   ],
   "source": [
    "%sql select relpages, reltuples from pg_class where relname = 'urban_areas_geom_idx'"
   ]
  },
  {
   "cell_type": "code",
   "execution_count": 31,
   "metadata": {
    "collapsed": true
   },
   "outputs": [
    {
     "name": "stdout",
     "output_type": "stream",
     "text": [
      " * postgresql://postgres:***@localhost:5432/hw4\n",
      "1 rows affected.\n"
     ]
    },
    {
     "data": {
      "text/html": [
       "<table>\n",
       "    <tr>\n",
       "        <th>relpages</th>\n",
       "        <th>reltuples</th>\n",
       "    </tr>\n",
       "    <tr>\n",
       "        <td>10</td>\n",
       "        <td>1473.0</td>\n",
       "    </tr>\n",
       "</table>"
      ],
      "text/plain": [
       "[(10, 1473.0)]"
      ]
     },
     "execution_count": 31,
     "metadata": {},
     "output_type": "execute_result"
    }
   ],
   "source": [
    "%sql select relpages, reltuples from pg_class where relname = 'rivers_geom_idx'"
   ]
  },
  {
   "cell_type": "code",
   "execution_count": 32,
   "metadata": {
    "collapsed": true
   },
   "outputs": [
    {
     "name": "stdout",
     "output_type": "stream",
     "text": [
      " * postgresql://postgres:***@localhost:5432/hw4\n",
      "1 rows affected.\n"
     ]
    },
    {
     "data": {
      "text/html": [
       "<table>\n",
       "    <tr>\n",
       "        <th>relpages</th>\n",
       "        <th>reltuples</th>\n",
       "    </tr>\n",
       "    <tr>\n",
       "        <td>49</td>\n",
       "        <td>7342.0</td>\n",
       "    </tr>\n",
       "</table>"
      ],
      "text/plain": [
       "[(49, 7342.0)]"
      ]
     },
     "execution_count": 32,
     "metadata": {},
     "output_type": "execute_result"
    }
   ],
   "source": [
    "%sql select relpages, reltuples from pg_class where relname = 'cities_geom_idx'"
   ]
  },
  {
   "cell_type": "markdown",
   "metadata": {},
   "source": [
    "#### 5.4 再次执行5.1的查询语句（4分）"
   ]
  },
  {
   "cell_type": "code",
   "execution_count": 33,
   "metadata": {
    "collapsed": true
   },
   "outputs": [
    {
     "name": "stdout",
     "output_type": "stream",
     "text": [
      " * postgresql://postgres:***@localhost:5432/hw4\n",
      "15 rows affected.\n"
     ]
    },
    {
     "data": {
      "text/html": [
       "<table>\n",
       "    <tr>\n",
       "        <th>QUERY PLAN</th>\n",
       "    </tr>\n",
       "    <tr>\n",
       "        <td>Sort  (cost=35637.72..35640.15 rows=973 width=16) (actual time=822.248..822.264 rows=491 loops=1)</td>\n",
       "    </tr>\n",
       "    <tr>\n",
       "        <td>&nbsp;&nbsp;Sort Key: (count(*)) DESC</td>\n",
       "    </tr>\n",
       "    <tr>\n",
       "        <td>&nbsp;&nbsp;Sort Method: quicksort  Memory: 52kB</td>\n",
       "    </tr>\n",
       "    <tr>\n",
       "        <td>&nbsp;&nbsp;-&gt;  HashAggregate  (cost=35579.69..35589.43 rows=973 width=16) (actual time=822.136..822.205 rows=491 loops=1)</td>\n",
       "    </tr>\n",
       "    <tr>\n",
       "        <td>&nbsp;&nbsp;&nbsp;&nbsp;&nbsp;&nbsp;&nbsp;&nbsp;Group Key: river.name</td>\n",
       "    </tr>\n",
       "    <tr>\n",
       "        <td>&nbsp;&nbsp;&nbsp;&nbsp;&nbsp;&nbsp;&nbsp;&nbsp;-&gt;  Nested Loop  (cost=0.15..34794.59 rows=157021 width=8) (actual time=0.248..820.357 rows=1868 loops=1)</td>\n",
       "    </tr>\n",
       "    <tr>\n",
       "        <td>&nbsp;&nbsp;&nbsp;&nbsp;&nbsp;&nbsp;&nbsp;&nbsp;&nbsp;&nbsp;&nbsp;&nbsp;&nbsp;&nbsp;-&gt;  Seq Scan on ne_10m_rivers_lake_centerlines river  (cost=0.00..416.41 rows=1201 width=2850) (actual time=0.007..0.997 rows=1201 loops=1)</td>\n",
       "    </tr>\n",
       "    <tr>\n",
       "        <td>&nbsp;&nbsp;&nbsp;&nbsp;&nbsp;&nbsp;&nbsp;&nbsp;&nbsp;&nbsp;&nbsp;&nbsp;&nbsp;&nbsp;&nbsp;&nbsp;&nbsp;&nbsp;&nbsp;&nbsp;Filter: ((featurecla)::text = &#x27;River&#x27;::text)</td>\n",
       "    </tr>\n",
       "    <tr>\n",
       "        <td>&nbsp;&nbsp;&nbsp;&nbsp;&nbsp;&nbsp;&nbsp;&nbsp;&nbsp;&nbsp;&nbsp;&nbsp;&nbsp;&nbsp;&nbsp;&nbsp;&nbsp;&nbsp;&nbsp;&nbsp;Rows Removed by Filter: 272</td>\n",
       "    </tr>\n",
       "    <tr>\n",
       "        <td>&nbsp;&nbsp;&nbsp;&nbsp;&nbsp;&nbsp;&nbsp;&nbsp;&nbsp;&nbsp;&nbsp;&nbsp;&nbsp;&nbsp;-&gt;  Index Scan using urban_areas_geom_idx on ne_10m_urban_areas city  (cost=0.15..28.61 rows=1 width=1601) (actual time=0.138..0.677 rows=2 loops=1201)</td>\n",
       "    </tr>\n",
       "    <tr>\n",
       "        <td>&nbsp;&nbsp;&nbsp;&nbsp;&nbsp;&nbsp;&nbsp;&nbsp;&nbsp;&nbsp;&nbsp;&nbsp;&nbsp;&nbsp;&nbsp;&nbsp;&nbsp;&nbsp;&nbsp;&nbsp;Index Cond: (geom &amp;&amp; river.geom)</td>\n",
       "    </tr>\n",
       "    <tr>\n",
       "        <td>&nbsp;&nbsp;&nbsp;&nbsp;&nbsp;&nbsp;&nbsp;&nbsp;&nbsp;&nbsp;&nbsp;&nbsp;&nbsp;&nbsp;&nbsp;&nbsp;&nbsp;&nbsp;&nbsp;&nbsp;Filter: st_crosses(river.geom, geom)</td>\n",
       "    </tr>\n",
       "    <tr>\n",
       "        <td>&nbsp;&nbsp;&nbsp;&nbsp;&nbsp;&nbsp;&nbsp;&nbsp;&nbsp;&nbsp;&nbsp;&nbsp;&nbsp;&nbsp;&nbsp;&nbsp;&nbsp;&nbsp;&nbsp;&nbsp;Rows Removed by Filter: 8</td>\n",
       "    </tr>\n",
       "    <tr>\n",
       "        <td>Planning Time: 0.371 ms</td>\n",
       "    </tr>\n",
       "    <tr>\n",
       "        <td>Execution Time: 822.334 ms</td>\n",
       "    </tr>\n",
       "</table>"
      ],
      "text/plain": [
       "[('Sort  (cost=35637.72..35640.15 rows=973 width=16) (actual time=822.248..822.264 rows=491 loops=1)',),\n",
       " ('  Sort Key: (count(*)) DESC',),\n",
       " ('  Sort Method: quicksort  Memory: 52kB',),\n",
       " ('  ->  HashAggregate  (cost=35579.69..35589.43 rows=973 width=16) (actual time=822.136..822.205 rows=491 loops=1)',),\n",
       " ('        Group Key: river.name',),\n",
       " ('        ->  Nested Loop  (cost=0.15..34794.59 rows=157021 width=8) (actual time=0.248..820.357 rows=1868 loops=1)',),\n",
       " ('              ->  Seq Scan on ne_10m_rivers_lake_centerlines river  (cost=0.00..416.41 rows=1201 width=2850) (actual time=0.007..0.997 rows=1201 loops=1)',),\n",
       " (\"                    Filter: ((featurecla)::text = 'River'::text)\",),\n",
       " ('                    Rows Removed by Filter: 272',),\n",
       " ('              ->  Index Scan using urban_areas_geom_idx on ne_10m_urban_areas city  (cost=0.15..28.61 rows=1 width=1601) (actual time=0.138..0.677 rows=2 loops=1201)',),\n",
       " ('                    Index Cond: (geom && river.geom)',),\n",
       " ('                    Filter: st_crosses(river.geom, geom)',),\n",
       " ('                    Rows Removed by Filter: 8',),\n",
       " ('Planning Time: 0.371 ms',),\n",
       " ('Execution Time: 822.334 ms',)]"
      ]
     },
     "execution_count": 33,
     "metadata": {},
     "output_type": "execute_result"
    }
   ],
   "source": [
    "%%sql\n",
    "explain analyze\n",
    "SELECT river.name ,count(*) AS num \n",
    "FROM ne_10m_rivers_lake_centerlines AS river, ne_10m_urban_areas AS city \n",
    "WHERE river.featurecla = 'River' AND ST_Crosses(river.geom, city.geom) \n",
    "GROUP BY river.name \n",
    "ORDER BY num DESC;"
   ]
  },
  {
   "cell_type": "markdown",
   "metadata": {},
   "source": [
    "基于上述查询规划回答以下问题"
   ]
  },
  {
   "cell_type": "raw",
   "metadata": {},
   "source": [
    "查询规划利用了哪些空间索引：urban_areas_geom_idx\n",
    "城市区域和河流通过精确几何判断为穿越的行数与空间索引通过包围盒判断可能穿越的行数比值：2 / 10 = 0.2000\n",
    "与5.1相比，查询规划估计的cost值(最大值)减少了(任意单位)：212789891.97 - 35640.15 = 212754251.82\n",
    "与5.1相比，查询语句实际运行时间减少了(ms)：23549.481 - 822.264 = 22727.217"
   ]
  },
  {
   "cell_type": "markdown",
   "metadata": {},
   "source": [
    "#### 5.5 再次查询5.2，使用ST_DWithin实现（4分）"
   ]
  },
  {
   "cell_type": "code",
   "execution_count": 34,
   "metadata": {
    "collapsed": true
   },
   "outputs": [
    {
     "name": "stdout",
     "output_type": "stream",
     "text": [
      " * postgresql://postgres:***@localhost:5432/hw4\n",
      "14 rows affected.\n"
     ]
    },
    {
     "data": {
      "text/html": [
       "<table>\n",
       "    <tr>\n",
       "        <th>QUERY PLAN</th>\n",
       "    </tr>\n",
       "    <tr>\n",
       "        <td>Unique  (cost=455.46..455.97 rows=68 width=13) (actual time=8.112..8.187 rows=272 loops=1)</td>\n",
       "    </tr>\n",
       "    <tr>\n",
       "        <td>&nbsp;&nbsp;-&gt;  Sort  (cost=455.46..455.63 rows=68 width=13) (actual time=8.111..8.130 rows=272 loops=1)</td>\n",
       "    </tr>\n",
       "    <tr>\n",
       "        <td>&nbsp;&nbsp;&nbsp;&nbsp;&nbsp;&nbsp;&nbsp;&nbsp;Sort Key: cities.gid, cities.name</td>\n",
       "    </tr>\n",
       "    <tr>\n",
       "        <td>&nbsp;&nbsp;&nbsp;&nbsp;&nbsp;&nbsp;&nbsp;&nbsp;Sort Method: quicksort  Memory: 39kB</td>\n",
       "    </tr>\n",
       "    <tr>\n",
       "        <td>&nbsp;&nbsp;&nbsp;&nbsp;&nbsp;&nbsp;&nbsp;&nbsp;-&gt;  Nested Loop  (cost=0.27..453.39 rows=68 width=13) (actual time=0.640..8.026 rows=272 loops=1)</td>\n",
       "    </tr>\n",
       "    <tr>\n",
       "        <td>&nbsp;&nbsp;&nbsp;&nbsp;&nbsp;&nbsp;&nbsp;&nbsp;&nbsp;&nbsp;&nbsp;&nbsp;&nbsp;&nbsp;-&gt;  Seq Scan on ne_10m_rivers_lake_centerlines river  (cost=0.00..420.10 rows=1 width=2842) (actual time=0.526..0.909 rows=1 loops=1)</td>\n",
       "    </tr>\n",
       "    <tr>\n",
       "        <td>&nbsp;&nbsp;&nbsp;&nbsp;&nbsp;&nbsp;&nbsp;&nbsp;&nbsp;&nbsp;&nbsp;&nbsp;&nbsp;&nbsp;&nbsp;&nbsp;&nbsp;&nbsp;&nbsp;&nbsp;Filter: (((name_zh)::text ~~ &#x27;%亚马逊%&#x27;::text) AND ((featurecla)::text = &#x27;River&#x27;::text))</td>\n",
       "    </tr>\n",
       "    <tr>\n",
       "        <td>&nbsp;&nbsp;&nbsp;&nbsp;&nbsp;&nbsp;&nbsp;&nbsp;&nbsp;&nbsp;&nbsp;&nbsp;&nbsp;&nbsp;&nbsp;&nbsp;&nbsp;&nbsp;&nbsp;&nbsp;Rows Removed by Filter: 1472</td>\n",
       "    </tr>\n",
       "    <tr>\n",
       "        <td>&nbsp;&nbsp;&nbsp;&nbsp;&nbsp;&nbsp;&nbsp;&nbsp;&nbsp;&nbsp;&nbsp;&nbsp;&nbsp;&nbsp;-&gt;  Index Scan using cities_geom_idx on ne_10m_populated_places cities  (cost=0.27..33.29 rows=1 width=45) (actual time=0.067..7.022 rows=272 loops=1)</td>\n",
       "    </tr>\n",
       "    <tr>\n",
       "        <td>&nbsp;&nbsp;&nbsp;&nbsp;&nbsp;&nbsp;&nbsp;&nbsp;&nbsp;&nbsp;&nbsp;&nbsp;&nbsp;&nbsp;&nbsp;&nbsp;&nbsp;&nbsp;&nbsp;&nbsp;Index Cond: (geom &amp;&amp; st_expand(river.geom, &#x27;10&#x27;::double precision))</td>\n",
       "    </tr>\n",
       "    <tr>\n",
       "        <td>&nbsp;&nbsp;&nbsp;&nbsp;&nbsp;&nbsp;&nbsp;&nbsp;&nbsp;&nbsp;&nbsp;&nbsp;&nbsp;&nbsp;&nbsp;&nbsp;&nbsp;&nbsp;&nbsp;&nbsp;Filter: st_dwithin(river.geom, geom, &#x27;10&#x27;::double precision)</td>\n",
       "    </tr>\n",
       "    <tr>\n",
       "        <td>&nbsp;&nbsp;&nbsp;&nbsp;&nbsp;&nbsp;&nbsp;&nbsp;&nbsp;&nbsp;&nbsp;&nbsp;&nbsp;&nbsp;&nbsp;&nbsp;&nbsp;&nbsp;&nbsp;&nbsp;Rows Removed by Filter: 42</td>\n",
       "    </tr>\n",
       "    <tr>\n",
       "        <td>Planning Time: 0.489 ms</td>\n",
       "    </tr>\n",
       "    <tr>\n",
       "        <td>Execution Time: 8.278 ms</td>\n",
       "    </tr>\n",
       "</table>"
      ],
      "text/plain": [
       "[('Unique  (cost=455.46..455.97 rows=68 width=13) (actual time=8.112..8.187 rows=272 loops=1)',),\n",
       " ('  ->  Sort  (cost=455.46..455.63 rows=68 width=13) (actual time=8.111..8.130 rows=272 loops=1)',),\n",
       " ('        Sort Key: cities.gid, cities.name',),\n",
       " ('        Sort Method: quicksort  Memory: 39kB',),\n",
       " ('        ->  Nested Loop  (cost=0.27..453.39 rows=68 width=13) (actual time=0.640..8.026 rows=272 loops=1)',),\n",
       " ('              ->  Seq Scan on ne_10m_rivers_lake_centerlines river  (cost=0.00..420.10 rows=1 width=2842) (actual time=0.526..0.909 rows=1 loops=1)',),\n",
       " (\"                    Filter: (((name_zh)::text ~~ '%亚马逊%'::text) AND ((featurecla)::text = 'River'::text))\",),\n",
       " ('                    Rows Removed by Filter: 1472',),\n",
       " ('              ->  Index Scan using cities_geom_idx on ne_10m_populated_places cities  (cost=0.27..33.29 rows=1 width=45) (actual time=0.067..7.022 rows=272 loops=1)',),\n",
       " (\"                    Index Cond: (geom && st_expand(river.geom, '10'::double precision))\",),\n",
       " (\"                    Filter: st_dwithin(river.geom, geom, '10'::double precision)\",),\n",
       " ('                    Rows Removed by Filter: 42',),\n",
       " ('Planning Time: 0.489 ms',),\n",
       " ('Execution Time: 8.278 ms',)]"
      ]
     },
     "execution_count": 34,
     "metadata": {},
     "output_type": "execute_result"
    }
   ],
   "source": [
    "%%sql \n",
    "explain analyze \n",
    "SELECT DISTINCT cities.gid, cities.name \n",
    "FROM ne_10m_rivers_lake_centerlines AS river, ne_10m_populated_places AS cities\n",
    "WHERE river.featurecla = 'River' AND river.name_zh LIKE '%亚马逊%' AND ST_DWithin(river.geom,cities.geom,10);"
   ]
  },
  {
   "cell_type": "markdown",
   "metadata": {},
   "source": [
    "基于上述查询规划回答以下问题"
   ]
  },
  {
   "cell_type": "raw",
   "metadata": {},
   "source": [
    "查询规划利用了哪些空间索引：cities_geom_idx\n",
    "ST_DWithin(geometry, geomtry)的cost值为(在pgAdmin中查找)：10000\n",
    "河流和城市通过精确几何判断距离小于10的行数与空间索引通过包围盒判断距离可能小于10的行数比值： 230 / 272 = 0.846\n",
    "与5.2相比，查询规划估计的cost值(最大值)减少了(任意单位)：185209.37 - 455.97  = 184753.4\n",
    "与5.2相比，查询语句实际运行时间减少了(ms)：124.139 - 8.187 = 115.952"
   ]
  },
  {
   "cell_type": "markdown",
   "metadata": {},
   "source": [
    "#### 5.6 设置查询选项，如enable_indexscan，再次执行5.5查询语句（2分）"
   ]
  },
  {
   "cell_type": "code",
   "execution_count": 35,
   "metadata": {
    "collapsed": true
   },
   "outputs": [
    {
     "name": "stdout",
     "output_type": "stream",
     "text": [
      " * postgresql://postgres:***@localhost:5432/hw4\n",
      "Done.\n"
     ]
    },
    {
     "data": {
      "text/plain": [
       "[]"
      ]
     },
     "execution_count": 35,
     "metadata": {},
     "output_type": "execute_result"
    }
   ],
   "source": [
    "%sql SET enable_indexscan = false;"
   ]
  },
  {
   "cell_type": "code",
   "execution_count": 36,
   "metadata": {
    "collapsed": true
   },
   "outputs": [
    {
     "name": "stdout",
     "output_type": "stream",
     "text": [
      " * postgresql://postgres:***@localhost:5432/hw4\n",
      "16 rows affected.\n"
     ]
    },
    {
     "data": {
      "text/html": [
       "<table>\n",
       "    <tr>\n",
       "        <th>QUERY PLAN</th>\n",
       "    </tr>\n",
       "    <tr>\n",
       "        <td>Unique  (cost=455.46..455.97 rows=68 width=13) (actual time=6.776..6.833 rows=272 loops=1)</td>\n",
       "    </tr>\n",
       "    <tr>\n",
       "        <td>&nbsp;&nbsp;-&gt;  Sort  (cost=455.46..455.63 rows=68 width=13) (actual time=6.775..6.790 rows=272 loops=1)</td>\n",
       "    </tr>\n",
       "    <tr>\n",
       "        <td>&nbsp;&nbsp;&nbsp;&nbsp;&nbsp;&nbsp;&nbsp;&nbsp;Sort Key: cities.gid, cities.name</td>\n",
       "    </tr>\n",
       "    <tr>\n",
       "        <td>&nbsp;&nbsp;&nbsp;&nbsp;&nbsp;&nbsp;&nbsp;&nbsp;Sort Method: quicksort  Memory: 39kB</td>\n",
       "    </tr>\n",
       "    <tr>\n",
       "        <td>&nbsp;&nbsp;&nbsp;&nbsp;&nbsp;&nbsp;&nbsp;&nbsp;-&gt;  Nested Loop  (cost=4.28..453.40 rows=68 width=13) (actual time=0.652..6.709 rows=272 loops=1)</td>\n",
       "    </tr>\n",
       "    <tr>\n",
       "        <td>&nbsp;&nbsp;&nbsp;&nbsp;&nbsp;&nbsp;&nbsp;&nbsp;&nbsp;&nbsp;&nbsp;&nbsp;&nbsp;&nbsp;-&gt;  Seq Scan on ne_10m_rivers_lake_centerlines river  (cost=0.00..420.10 rows=1 width=2842) (actual time=0.470..0.807 rows=1 loops=1)</td>\n",
       "    </tr>\n",
       "    <tr>\n",
       "        <td>&nbsp;&nbsp;&nbsp;&nbsp;&nbsp;&nbsp;&nbsp;&nbsp;&nbsp;&nbsp;&nbsp;&nbsp;&nbsp;&nbsp;&nbsp;&nbsp;&nbsp;&nbsp;&nbsp;&nbsp;Filter: (((name_zh)::text ~~ &#x27;%亚马逊%&#x27;::text) AND ((featurecla)::text = &#x27;River&#x27;::text))</td>\n",
       "    </tr>\n",
       "    <tr>\n",
       "        <td>&nbsp;&nbsp;&nbsp;&nbsp;&nbsp;&nbsp;&nbsp;&nbsp;&nbsp;&nbsp;&nbsp;&nbsp;&nbsp;&nbsp;&nbsp;&nbsp;&nbsp;&nbsp;&nbsp;&nbsp;Rows Removed by Filter: 1472</td>\n",
       "    </tr>\n",
       "    <tr>\n",
       "        <td>&nbsp;&nbsp;&nbsp;&nbsp;&nbsp;&nbsp;&nbsp;&nbsp;&nbsp;&nbsp;&nbsp;&nbsp;&nbsp;&nbsp;-&gt;  Bitmap Heap Scan on ne_10m_populated_places cities  (cost=4.28..33.29 rows=1 width=45) (actual time=0.179..5.861 rows=272 loops=1)</td>\n",
       "    </tr>\n",
       "    <tr>\n",
       "        <td>&nbsp;&nbsp;&nbsp;&nbsp;&nbsp;&nbsp;&nbsp;&nbsp;&nbsp;&nbsp;&nbsp;&nbsp;&nbsp;&nbsp;&nbsp;&nbsp;&nbsp;&nbsp;&nbsp;&nbsp;Filter: st_dwithin(river.geom, geom, &#x27;10&#x27;::double precision)</td>\n",
       "    </tr>\n",
       "    <tr>\n",
       "        <td>&nbsp;&nbsp;&nbsp;&nbsp;&nbsp;&nbsp;&nbsp;&nbsp;&nbsp;&nbsp;&nbsp;&nbsp;&nbsp;&nbsp;&nbsp;&nbsp;&nbsp;&nbsp;&nbsp;&nbsp;Rows Removed by Filter: 42</td>\n",
       "    </tr>\n",
       "    <tr>\n",
       "        <td>&nbsp;&nbsp;&nbsp;&nbsp;&nbsp;&nbsp;&nbsp;&nbsp;&nbsp;&nbsp;&nbsp;&nbsp;&nbsp;&nbsp;&nbsp;&nbsp;&nbsp;&nbsp;&nbsp;&nbsp;Heap Blocks: exact=104</td>\n",
       "    </tr>\n",
       "    <tr>\n",
       "        <td>&nbsp;&nbsp;&nbsp;&nbsp;&nbsp;&nbsp;&nbsp;&nbsp;&nbsp;&nbsp;&nbsp;&nbsp;&nbsp;&nbsp;&nbsp;&nbsp;&nbsp;&nbsp;&nbsp;&nbsp;-&gt;  Bitmap Index Scan on cities_geom_idx  (cost=0.00..4.28 rows=1 width=0) (actual time=0.099..0.099 rows=314 loops=1)</td>\n",
       "    </tr>\n",
       "    <tr>\n",
       "        <td>&nbsp;&nbsp;&nbsp;&nbsp;&nbsp;&nbsp;&nbsp;&nbsp;&nbsp;&nbsp;&nbsp;&nbsp;&nbsp;&nbsp;&nbsp;&nbsp;&nbsp;&nbsp;&nbsp;&nbsp;&nbsp;&nbsp;&nbsp;&nbsp;&nbsp;&nbsp;Index Cond: (geom &amp;&amp; st_expand(river.geom, &#x27;10&#x27;::double precision))</td>\n",
       "    </tr>\n",
       "    <tr>\n",
       "        <td>Planning Time: 0.314 ms</td>\n",
       "    </tr>\n",
       "    <tr>\n",
       "        <td>Execution Time: 6.899 ms</td>\n",
       "    </tr>\n",
       "</table>"
      ],
      "text/plain": [
       "[('Unique  (cost=455.46..455.97 rows=68 width=13) (actual time=6.776..6.833 rows=272 loops=1)',),\n",
       " ('  ->  Sort  (cost=455.46..455.63 rows=68 width=13) (actual time=6.775..6.790 rows=272 loops=1)',),\n",
       " ('        Sort Key: cities.gid, cities.name',),\n",
       " ('        Sort Method: quicksort  Memory: 39kB',),\n",
       " ('        ->  Nested Loop  (cost=4.28..453.40 rows=68 width=13) (actual time=0.652..6.709 rows=272 loops=1)',),\n",
       " ('              ->  Seq Scan on ne_10m_rivers_lake_centerlines river  (cost=0.00..420.10 rows=1 width=2842) (actual time=0.470..0.807 rows=1 loops=1)',),\n",
       " (\"                    Filter: (((name_zh)::text ~~ '%亚马逊%'::text) AND ((featurecla)::text = 'River'::text))\",),\n",
       " ('                    Rows Removed by Filter: 1472',),\n",
       " ('              ->  Bitmap Heap Scan on ne_10m_populated_places cities  (cost=4.28..33.29 rows=1 width=45) (actual time=0.179..5.861 rows=272 loops=1)',),\n",
       " (\"                    Filter: st_dwithin(river.geom, geom, '10'::double precision)\",),\n",
       " ('                    Rows Removed by Filter: 42',),\n",
       " ('                    Heap Blocks: exact=104',),\n",
       " ('                    ->  Bitmap Index Scan on cities_geom_idx  (cost=0.00..4.28 rows=1 width=0) (actual time=0.099..0.099 rows=314 loops=1)',),\n",
       " (\"                          Index Cond: (geom && st_expand(river.geom, '10'::double precision))\",),\n",
       " ('Planning Time: 0.314 ms',),\n",
       " ('Execution Time: 6.899 ms',)]"
      ]
     },
     "execution_count": 36,
     "metadata": {},
     "output_type": "execute_result"
    }
   ],
   "source": [
    "%%sql \n",
    "explain analyze\n",
    "SELECT DISTINCT cities.gid, cities.name \n",
    "FROM ne_10m_rivers_lake_centerlines AS river, ne_10m_populated_places AS cities\n",
    "WHERE river.featurecla = 'River' AND river.name_zh LIKE '%亚马逊%' AND ST_DWithin(river.geom,cities.geom,10);"
   ]
  },
  {
   "cell_type": "markdown",
   "metadata": {},
   "source": [
    "基于上述查询规划，回答该查询是否利用了索引，哪些索引，如何用来加速判断？"
   ]
  },
  {
   "cell_type": "raw",
   "metadata": {},
   "source": [
    "使用cities_geom_idx索引\n",
    "在cities_geom_idx上使用Bitmap Index Scan判断River的包围盒在扩大10后是否与city的地理要素相交"
   ]
  },
  {
   "cell_type": "code",
   "execution_count": 37,
   "metadata": {
    "collapsed": true
   },
   "outputs": [
    {
     "name": "stdout",
     "output_type": "stream",
     "text": [
      " * postgresql://postgres:***@localhost:5432/hw4\n",
      "Done.\n"
     ]
    },
    {
     "data": {
      "text/plain": [
       "[]"
      ]
     },
     "execution_count": 37,
     "metadata": {},
     "output_type": "execute_result"
    }
   ],
   "source": [
    "%sql SET enable_bitmapscan = false;"
   ]
  },
  {
   "cell_type": "code",
   "execution_count": 38,
   "metadata": {
    "collapsed": true
   },
   "outputs": [
    {
     "name": "stdout",
     "output_type": "stream",
     "text": [
      " * postgresql://postgres:***@localhost:5432/hw4\n",
      "17 rows affected.\n"
     ]
    },
    {
     "data": {
      "text/html": [
       "<table>\n",
       "    <tr>\n",
       "        <th>QUERY PLAN</th>\n",
       "    </tr>\n",
       "    <tr>\n",
       "        <td>Unique  (cost=185037.00..185037.51 rows=68 width=13) (actual time=126.115..126.157 rows=272 loops=1)</td>\n",
       "    </tr>\n",
       "    <tr>\n",
       "        <td>&nbsp;&nbsp;-&gt;  Sort  (cost=185037.00..185037.17 rows=68 width=13) (actual time=126.114..126.124 rows=272 loops=1)</td>\n",
       "    </tr>\n",
       "    <tr>\n",
       "        <td>&nbsp;&nbsp;&nbsp;&nbsp;&nbsp;&nbsp;&nbsp;&nbsp;Sort Key: cities.gid, cities.name</td>\n",
       "    </tr>\n",
       "    <tr>\n",
       "        <td>&nbsp;&nbsp;&nbsp;&nbsp;&nbsp;&nbsp;&nbsp;&nbsp;Sort Method: quicksort  Memory: 39kB</td>\n",
       "    </tr>\n",
       "    <tr>\n",
       "        <td>&nbsp;&nbsp;&nbsp;&nbsp;&nbsp;&nbsp;&nbsp;&nbsp;-&gt;  Nested Loop  (cost=0.00..185034.94 rows=68 width=13) (actual time=43.352..126.048 rows=272 loops=1)</td>\n",
       "    </tr>\n",
       "    <tr>\n",
       "        <td>&nbsp;&nbsp;&nbsp;&nbsp;&nbsp;&nbsp;&nbsp;&nbsp;&nbsp;&nbsp;&nbsp;&nbsp;&nbsp;&nbsp;Join Filter: st_dwithin(river.geom, cities.geom, &#x27;10&#x27;::double precision)</td>\n",
       "    </tr>\n",
       "    <tr>\n",
       "        <td>&nbsp;&nbsp;&nbsp;&nbsp;&nbsp;&nbsp;&nbsp;&nbsp;&nbsp;&nbsp;&nbsp;&nbsp;&nbsp;&nbsp;Rows Removed by Join Filter: 7070</td>\n",
       "    </tr>\n",
       "    <tr>\n",
       "        <td>&nbsp;&nbsp;&nbsp;&nbsp;&nbsp;&nbsp;&nbsp;&nbsp;&nbsp;&nbsp;&nbsp;&nbsp;&nbsp;&nbsp;-&gt;  Seq Scan on ne_10m_rivers_lake_centerlines river  (cost=0.00..420.10 rows=1 width=2842) (actual time=36.864..37.187 rows=1 loops=1)</td>\n",
       "    </tr>\n",
       "    <tr>\n",
       "        <td>&nbsp;&nbsp;&nbsp;&nbsp;&nbsp;&nbsp;&nbsp;&nbsp;&nbsp;&nbsp;&nbsp;&nbsp;&nbsp;&nbsp;&nbsp;&nbsp;&nbsp;&nbsp;&nbsp;&nbsp;Filter: (((name_zh)::text ~~ &#x27;%亚马逊%&#x27;::text) AND ((featurecla)::text = &#x27;River&#x27;::text))</td>\n",
       "    </tr>\n",
       "    <tr>\n",
       "        <td>&nbsp;&nbsp;&nbsp;&nbsp;&nbsp;&nbsp;&nbsp;&nbsp;&nbsp;&nbsp;&nbsp;&nbsp;&nbsp;&nbsp;&nbsp;&nbsp;&nbsp;&nbsp;&nbsp;&nbsp;Rows Removed by Filter: 1472</td>\n",
       "    </tr>\n",
       "    <tr>\n",
       "        <td>&nbsp;&nbsp;&nbsp;&nbsp;&nbsp;&nbsp;&nbsp;&nbsp;&nbsp;&nbsp;&nbsp;&nbsp;&nbsp;&nbsp;-&gt;  Seq Scan on ne_10m_populated_places cities  (cost=0.00..991.42 rows=7342 width=45) (actual time=0.006..1.295 rows=7342 loops=1)</td>\n",
       "    </tr>\n",
       "    <tr>\n",
       "        <td>Planning Time: 0.391 ms</td>\n",
       "    </tr>\n",
       "    <tr>\n",
       "        <td>JIT:</td>\n",
       "    </tr>\n",
       "    <tr>\n",
       "        <td>&nbsp;&nbsp;Functions: 8</td>\n",
       "    </tr>\n",
       "    <tr>\n",
       "        <td>&nbsp;&nbsp;Options: Inlining false, Optimization false, Expressions true, Deforming true</td>\n",
       "    </tr>\n",
       "    <tr>\n",
       "        <td>&nbsp;&nbsp;Timing: Generation 4.252 ms, Inlining 0.000 ms, Optimization 2.894 ms, Emission 33.395 ms, Total 40.541 ms</td>\n",
       "    </tr>\n",
       "    <tr>\n",
       "        <td>Execution Time: 130.520 ms</td>\n",
       "    </tr>\n",
       "</table>"
      ],
      "text/plain": [
       "[('Unique  (cost=185037.00..185037.51 rows=68 width=13) (actual time=126.115..126.157 rows=272 loops=1)',),\n",
       " ('  ->  Sort  (cost=185037.00..185037.17 rows=68 width=13) (actual time=126.114..126.124 rows=272 loops=1)',),\n",
       " ('        Sort Key: cities.gid, cities.name',),\n",
       " ('        Sort Method: quicksort  Memory: 39kB',),\n",
       " ('        ->  Nested Loop  (cost=0.00..185034.94 rows=68 width=13) (actual time=43.352..126.048 rows=272 loops=1)',),\n",
       " (\"              Join Filter: st_dwithin(river.geom, cities.geom, '10'::double precision)\",),\n",
       " ('              Rows Removed by Join Filter: 7070',),\n",
       " ('              ->  Seq Scan on ne_10m_rivers_lake_centerlines river  (cost=0.00..420.10 rows=1 width=2842) (actual time=36.864..37.187 rows=1 loops=1)',),\n",
       " (\"                    Filter: (((name_zh)::text ~~ '%亚马逊%'::text) AND ((featurecla)::text = 'River'::text))\",),\n",
       " ('                    Rows Removed by Filter: 1472',),\n",
       " ('              ->  Seq Scan on ne_10m_populated_places cities  (cost=0.00..991.42 rows=7342 width=45) (actual time=0.006..1.295 rows=7342 loops=1)',),\n",
       " ('Planning Time: 0.391 ms',),\n",
       " ('JIT:',),\n",
       " ('  Functions: 8',),\n",
       " ('  Options: Inlining false, Optimization false, Expressions true, Deforming true',),\n",
       " ('  Timing: Generation 4.252 ms, Inlining 0.000 ms, Optimization 2.894 ms, Emission 33.395 ms, Total 40.541 ms',),\n",
       " ('Execution Time: 130.520 ms',)]"
      ]
     },
     "execution_count": 38,
     "metadata": {},
     "output_type": "execute_result"
    }
   ],
   "source": [
    "%%sql \n",
    "explain analyze\n",
    "SELECT DISTINCT cities.gid, cities.name \n",
    "FROM ne_10m_rivers_lake_centerlines AS river, ne_10m_populated_places AS cities\n",
    "WHERE river.featurecla = 'River' AND river.name_zh LIKE '%亚马逊%' AND ST_DWithin(river.geom,cities.geom,10);"
   ]
  },
  {
   "cell_type": "markdown",
   "metadata": {},
   "source": [
    "基于上述查询规划，回答该查询是否利用了索引，哪些索引，如何用来加速判断？"
   ]
  },
  {
   "cell_type": "raw",
   "metadata": {},
   "source": [
    "在这种条件下没有使用索引"
   ]
  },
  {
   "cell_type": "code",
   "execution_count": 39,
   "metadata": {
    "collapsed": true
   },
   "outputs": [
    {
     "name": "stdout",
     "output_type": "stream",
     "text": [
      " * postgresql://postgres:***@localhost:5432/hw4\n",
      "Done.\n",
      "Done.\n"
     ]
    },
    {
     "data": {
      "text/plain": [
       "[]"
      ]
     },
     "execution_count": 39,
     "metadata": {},
     "output_type": "execute_result"
    }
   ],
   "source": [
    "%%sql\n",
    "SET enable_indexscan = true;\n",
    "SET enable_bitmapscan = true;"
   ]
  },
  {
   "cell_type": "markdown",
   "metadata": {},
   "source": [
    "### 作业感想\n",
    "\n",
    "收获:-)，疑惑:-|，吐槽:-(，...，你的反馈很重要"
   ]
  },
  {
   "cell_type": "raw",
   "metadata": {},
   "source": [
    "体会到了空间索引对加速空间查询的巨大作用\n"
   ]
  }
 ],
 "metadata": {
  "kernelspec": {
   "display_name": "Python 3.9.13 ('SDB_py')",
   "language": "python",
   "name": "python3"
  },
  "language_info": {
   "codemirror_mode": {
    "name": "ipython",
    "version": 3
   },
   "file_extension": ".py",
   "mimetype": "text/x-python",
   "name": "python",
   "nbconvert_exporter": "python",
   "pygments_lexer": "ipython3",
   "version": "3.9.13"
  },
  "vscode": {
   "interpreter": {
    "hash": "048051c32a64e916e8f64862efa937a2de5b86577359a46353a5ad2ed39e30a0"
   }
  }
 },
 "nbformat": 4,
 "nbformat_minor": 1
}
